#
# A fatal error has been detected by the Java Runtime Environment:
#
#  Internal Error (src/hotspot/share/runtime/jniHandles.cpp:89), pid=175078, tid=175084
#  assert(oopDesc::is_oop(obj)) failed: not an oop
#
# JRE version: OpenJDK Runtime Environment (15.0) (slowdebug build 15-internal+0-adhoc.martynas.jdk)
# Java VM: OpenJDK 64-Bit Server VM (slowdebug 15-internal+0-adhoc.martynas.jdk, mixed mode, tiered, compressed oops, serial gc, linux-amd64)
# Problematic frame:
# V  [libjvm.so+0xadfb9d]  JNIHandles::make_local(JNIEnv_*, oopDesc*)+0x53
#
# Core dump will be written. Default location: Core dumps may be processed with "/usr/lib/systemd/systemd-coredump %P %u %g %s %t %c %h" (or dumping to /home/martynas/phd/jdk/make/core.175078)
#
# If you would like to submit a bug report, please visit:
#   https://bugreport.java.com/bugreport/crash.jsp
#

---------------  S U M M A R Y ------------

Command Line: -Dapplication.home=/home/martynas/phd/jdk/build/linux-x86_64-server-slowdebug/jdk -Xms8m -XX:+UseSerialGC -Xms32M -Xmx512M -XX:TieredStopAtLevel=1 -Djdk.module.main=jdk.jlink jdk.jlink/jdk.tools.jmod.Main create --module-version 15-internal --target-platform linux-amd64 --module-path /home/martynas/phd/jdk/build/linux-x86_64-server-slowdebug/images/jmods --libs /home/martynas/phd/jdk/build/linux-x86_64-server-slowdebug/support/modules_libs/java.base --cmds /home/martynas/phd/jdk/build/linux-x86_64-server-slowdebug/support/modules_cmds/java.base --config /home/martynas/phd/jdk/build/linux-x86_64-server-slowdebug/support/modules_conf/java.base --class-path /home/martynas/phd/jdk/build/linux-x86_64-server-slowdebug/jdk/modules/java.base --header-files /home/martynas/phd/jdk/build/linux-x86_64-server-slowdebug/support/modules_include/java.base --man-pages /home/martynas/phd/jdk/build/linux-x86_64-server-slowdebug/support/modules_man/java.base --legal-notices /home/martynas/phd/jdk/build/linux-x86_64-server-slowdebug/support/modules_legal/common:/home/martynas/phd/jdk/build/linux-x86_64-server-slowdebug/support/modules_legal/java.base --module-path /home/martynas/phd/jdk/build/linux-x86_64-server-slowdebug/images/jmods --hash-modules ^(?!java.compiler$|jdk.aot$|jdk.internal.vm.compiler$|jdk.internal.vm.compiler.management$) --exclude **{_the.*,_*.marker,*.diz,*.debuginfo,*.dSYM/**,*.dSYM} /home/martynas/phd/jdk/build/linux-x86_64-server-slowdebug/support/images/jmods/java.base.jmod

Host: alpha, Intel(R) Core(TM) i5-8350U CPU @ 1.70GHz, 8 cores, 23G, Arch Linux
Time: Mon Mar 16 17:25:37 2020 GMT elapsed time: 3 seconds (0d 0h 0m 3s)

---------------  T H R E A D  ---------------

Current thread (0x00007f62c8033000):  JavaThread "main" [_thread_in_vm, id=175084, stack(0x00007f62ce114000,0x00007f62ce215000)]

Stack: [0x00007f62ce114000,0x00007f62ce215000],  sp=0x00007f62ce212250,  free space=1016k
Native frames: (J=compiled Java code, A=aot compiled Java code, j=interpreted, Vv=VM code, C=native code)
V  [libjvm.so+0xadfb9d]  JNIHandles::make_local(JNIEnv_*, oopDesc*)+0x53
V  [libjvm.so+0xa83691]  jni_AllocObject+0x28e
V  [libjvm.so+0x11a879e]  JNIEnv_::AllocObject(_jclass*)+0x2e
V  [libjvm.so+0x11a3825]  Unsafe_AllocateInstance+0x14e
j  jdk.internal.misc.Unsafe.allocateInstance(Ljava/lang/Class;)Ljava/lang/Object;+0 java.base
j  jdk.internal.reflect.BootstrapConstructorAccessorImpl.newInstance([Ljava/lang/Object;)Ljava/lang/Object;+10 java.base
j  java.lang.reflect.Constructor.newInstanceWithCaller([Ljava/lang/Object;ZLjava/lang/Class;)Ljava/lang/Object;+65 java.base
j  java.lang.reflect.ReflectAccess.newInstance(Ljava/lang/reflect/Constructor;[Ljava/lang/Object;Ljava/lang/Class;)Ljava/lang/Object;+4 java.base
j  jdk.internal.reflect.ReflectionFactory.newInstance(Ljava/lang/reflect/Constructor;[Ljava/lang/Object;Ljava/lang/Class;)Ljava/lang/Object;+7 java.base
j  java.lang.Class.newInstance()Ljava/lang/Object;+117 java.base
j  jdk.internal.reflect.MethodAccessorGenerator$1.run()Ljdk/internal/reflect/MagicAccessorImpl;+24 java.base
j  jdk.internal.reflect.MethodAccessorGenerator$1.run()Ljava/lang/Object;+1 java.base
j  java.security.AccessController.executePrivileged(Ljava/security/PrivilegedAction;Ljava/security/AccessControlContext;Ljava/lang/Class;)Ljava/lang/Object;+29 java.base
j  java.security.AccessController.doPrivileged(Ljava/security/PrivilegedAction;)Ljava/lang/Object;+5 java.base
j  jdk.internal.reflect.MethodAccessorGenerator.generate(Ljava/lang/Class;Ljava/lang/String;[Ljava/lang/Class;Ljava/lang/Class;[Ljava/lang/Class;IZZLjava/lang/Class;)Ljdk/internal/reflect/MagicAccessorImpl;+755 java.base
j  jdk.internal.reflect.MethodAccessorGenerator.generateConstructor(Ljava/lang/Class;[Ljava/lang/Class;[Ljava/lang/Class;I)Ljdk/internal/reflect/ConstructorAccessor;+14 java.base
j  jdk.internal.reflect.NativeConstructorAccessorImpl.newInstance([Ljava/lang/Object;)Ljava/lang/Object;+65 java.base
j  jdk.internal.reflect.DelegatingConstructorAccessorImpl.newInstance([Ljava/lang/Object;)Ljava/lang/Object;+5 java.base
j  java.lang.reflect.Constructor.newInstanceWithCaller([Ljava/lang/Object;ZLjava/lang/Class;)Ljava/lang/Object;+65 java.base
j  java.lang.reflect.Constructor.newInstance([Ljava/lang/Object;)Ljava/lang/Object;+30 java.base
j  java.security.Provider.newInstanceUtil(Ljava/lang/Class;Ljava/lang/Class;Ljava/lang/Object;)Ljava/lang/Object;+18 java.base
j  java.security.Provider$Service.newInstance(Ljava/lang/Object;)Ljava/lang/Object;+241 java.base
j  sun.security.jca.GetInstance.getInstance(Ljava/security/Provider$Service;Ljava/lang/Class;)Lsun/security/jca/GetInstance$Instance;+2 java.base
j  sun.security.jca.GetInstance.getInstance(Ljava/lang/String;Ljava/lang/Class;Ljava/lang/String;)Lsun/security/jca/GetInstance$Instance;+56 java.base
j  java.security.Security.getImpl(Ljava/lang/String;Ljava/lang/String;Ljava/lang/String;)[Ljava/lang/Object;+10 java.base
j  java.security.MessageDigest.getInstance(Ljava/lang/String;)Ljava/security/MessageDigest;+14 java.base
j  jdk.internal.module.ModuleHashes.computeHash(Ljava/nio/file/Path;Ljava/lang/String;)[B+1 java.base
j  jdk.internal.module.ModuleHashes.generate(Ljava/util/Map;Ljava/lang/String;)Ljdk/internal/module/ModuleHashes;+70 java.base
j  jdk.internal.module.ModuleHashesBuilder.lambda$computeHashes$2(Ljdk/internal/module/ModuleHashesBuilder$Graph;Ljava/util/Set;Ljava/util/Map;Ljava/lang/String;)V+101 java.base
j  jdk.internal.module.ModuleHashesBuilder$$Lambda$86.accept(Ljava/lang/Object;)V+20 java.base
J 343 c1 java.util.stream.ForEachOps$ForEachOp$OfRef.accept(Ljava/lang/Object;)V java.base (11 bytes) @ 0x00007f62b978eec4 [0x00007f62b978ee60+0x0000000000000064]
J 551 c1 java.util.stream.ReferencePipeline$2$1.accept(Ljava/lang/Object;)V java.base (27 bytes) @ 0x00007f62b97c6814 [0x00007f62b97c6720+0x00000000000000f4]
j  java.util.ArrayDeque$DeqSpliterator.forEachRemaining(Ljava/util/function/Consumer;)V+102 java.base
j  java.util.stream.AbstractPipeline.copyInto(Ljava/util/stream/Sink;Ljava/util/Spliterator;)V+32 java.base
j  java.util.stream.AbstractPipeline.wrapAndCopyInto(Ljava/util/stream/Sink;Ljava/util/Spliterator;)Ljava/util/stream/Sink;+13 java.base
j  java.util.stream.ForEachOps$ForEachOp.evaluateSequential(Ljava/util/stream/PipelineHelper;Ljava/util/Spliterator;)Ljava/lang/Void;+3 java.base
j  java.util.stream.ForEachOps$ForEachOp$OfRef.evaluateSequential(Ljava/util/stream/PipelineHelper;Ljava/util/Spliterator;)Ljava/lang/Object;+3 java.base
j  java.util.stream.AbstractPipeline.evaluate(Ljava/util/stream/TerminalOp;)Ljava/lang/Object;+88 java.base
j  java.util.stream.ReferencePipeline.forEach(Ljava/util/function/Consumer;)V+6 java.base
j  jdk.internal.module.ModuleHashesBuilder.computeHashes(Ljava/util/Set;)Ljava/util/Map;+201 java.base
j  jdk.tools.jmod.JmodTask$Hasher.computeHashes()Ljava/util/Map;+27 jdk.jlink
j  jdk.tools.jmod.JmodTask$JmodFileWriter.computeHashes(Ljava/lang/module/ModuleDescriptor;)Ljdk/internal/module/ModuleHashes;+84 jdk.jlink
j  jdk.tools.jmod.JmodTask$JmodFileWriter.writeModuleInfo(Ljdk/tools/jmod/JmodOutputStream;Ljava/util/Set;)V+244 jdk.jlink
j  jdk.tools.jmod.JmodTask$JmodFileWriter.write(Ljdk/tools/jmod/JmodOutputStream;)V+10 jdk.jlink
j  jdk.tools.jmod.JmodTask.create()Z+31 jdk.jlink
j  jdk.tools.jmod.JmodTask.run([Ljava/lang/String;)I+137 jdk.jlink
j  jdk.tools.jmod.Main.main([Ljava/lang/String;)V+10 jdk.jlink
v  ~StubRoutines::call_stub
V  [libjvm.so+0x9e2222]  JavaCalls::call_helper(JavaValue*, methodHandle const&, JavaCallArguments*, Thread*)+0x5da
V  [libjvm.so+0xebe814]  os::os_exception_wrapper(void (*)(JavaValue*, methodHandle const&, JavaCallArguments*, Thread*), JavaValue*, methodHandle const&, JavaCallArguments*, Thread*)+0x36
V  [libjvm.so+0x9e1c44]  JavaCalls::call(JavaValue*, methodHandle const&, JavaCallArguments*, Thread*)+0x8e
V  [libjvm.so+0xa82c76]  jni_invoke_static(JNIEnv_*, JavaValue*, _jobject*, JNICallType, _jmethodID*, JNI_ArgumentPusher*, Thread*)+0x188
V  [libjvm.so+0xa993b3]  jni_CallStaticVoidMethod+0x34b
C  [libjli.so+0x5975]  JavaMain+0xbd5
C  [libjli.so+0xc8f7]  ThreadJavaMain+0x27

Java frames: (J=compiled Java code, j=interpreted, Vv=VM code)
j  jdk.internal.misc.Unsafe.allocateInstance(Ljava/lang/Class;)Ljava/lang/Object;+0 java.base
j  jdk.internal.reflect.BootstrapConstructorAccessorImpl.newInstance([Ljava/lang/Object;)Ljava/lang/Object;+10 java.base
j  java.lang.reflect.Constructor.newInstanceWithCaller([Ljava/lang/Object;ZLjava/lang/Class;)Ljava/lang/Object;+65 java.base
j  java.lang.reflect.ReflectAccess.newInstance(Ljava/lang/reflect/Constructor;[Ljava/lang/Object;Ljava/lang/Class;)Ljava/lang/Object;+4 java.base
j  jdk.internal.reflect.ReflectionFactory.newInstance(Ljava/lang/reflect/Constructor;[Ljava/lang/Object;Ljava/lang/Class;)Ljava/lang/Object;+7 java.base
j  java.lang.Class.newInstance()Ljava/lang/Object;+117 java.base
j  jdk.internal.reflect.MethodAccessorGenerator$1.run()Ljdk/internal/reflect/MagicAccessorImpl;+24 java.base
j  jdk.internal.reflect.MethodAccessorGenerator$1.run()Ljava/lang/Object;+1 java.base
j  java.security.AccessController.executePrivileged(Ljava/security/PrivilegedAction;Ljava/security/AccessControlContext;Ljava/lang/Class;)Ljava/lang/Object;+29 java.base
j  java.security.AccessController.doPrivileged(Ljava/security/PrivilegedAction;)Ljava/lang/Object;+5 java.base
j  jdk.internal.reflect.MethodAccessorGenerator.generate(Ljava/lang/Class;Ljava/lang/String;[Ljava/lang/Class;Ljava/lang/Class;[Ljava/lang/Class;IZZLjava/lang/Class;)Ljdk/internal/reflect/MagicAccessorImpl;+755 java.base
j  jdk.internal.reflect.MethodAccessorGenerator.generateConstructor(Ljava/lang/Class;[Ljava/lang/Class;[Ljava/lang/Class;I)Ljdk/internal/reflect/ConstructorAccessor;+14 java.base
j  jdk.internal.reflect.NativeConstructorAccessorImpl.newInstance([Ljava/lang/Object;)Ljava/lang/Object;+65 java.base
j  jdk.internal.reflect.DelegatingConstructorAccessorImpl.newInstance([Ljava/lang/Object;)Ljava/lang/Object;+5 java.base
j  java.lang.reflect.Constructor.newInstanceWithCaller([Ljava/lang/Object;ZLjava/lang/Class;)Ljava/lang/Object;+65 java.base
j  java.lang.reflect.Constructor.newInstance([Ljava/lang/Object;)Ljava/lang/Object;+30 java.base
j  java.security.Provider.newInstanceUtil(Ljava/lang/Class;Ljava/lang/Class;Ljava/lang/Object;)Ljava/lang/Object;+18 java.base
j  java.security.Provider$Service.newInstance(Ljava/lang/Object;)Ljava/lang/Object;+241 java.base
j  sun.security.jca.GetInstance.getInstance(Ljava/security/Provider$Service;Ljava/lang/Class;)Lsun/security/jca/GetInstance$Instance;+2 java.base
j  sun.security.jca.GetInstance.getInstance(Ljava/lang/String;Ljava/lang/Class;Ljava/lang/String;)Lsun/security/jca/GetInstance$Instance;+56 java.base
j  java.security.Security.getImpl(Ljava/lang/String;Ljava/lang/String;Ljava/lang/String;)[Ljava/lang/Object;+10 java.base
j  java.security.MessageDigest.getInstance(Ljava/lang/String;)Ljava/security/MessageDigest;+14 java.base
j  jdk.internal.module.ModuleHashes.computeHash(Ljava/nio/file/Path;Ljava/lang/String;)[B+1 java.base
j  jdk.internal.module.ModuleHashes.generate(Ljava/util/Map;Ljava/lang/String;)Ljdk/internal/module/ModuleHashes;+70 java.base
j  jdk.internal.module.ModuleHashesBuilder.lambda$computeHashes$2(Ljdk/internal/module/ModuleHashesBuilder$Graph;Ljava/util/Set;Ljava/util/Map;Ljava/lang/String;)V+101 java.base
j  jdk.internal.module.ModuleHashesBuilder$$Lambda$86.accept(Ljava/lang/Object;)V+20 java.base
J 343 c1 java.util.stream.ForEachOps$ForEachOp$OfRef.accept(Ljava/lang/Object;)V java.base (11 bytes) @ 0x00007f62b978eec4 [0x00007f62b978ee60+0x0000000000000064]
J 551 c1 java.util.stream.ReferencePipeline$2$1.accept(Ljava/lang/Object;)V java.base (27 bytes) @ 0x00007f62b97c6814 [0x00007f62b97c6720+0x00000000000000f4]
j  java.util.ArrayDeque$DeqSpliterator.forEachRemaining(Ljava/util/function/Consumer;)V+102 java.base
j  java.util.stream.AbstractPipeline.copyInto(Ljava/util/stream/Sink;Ljava/util/Spliterator;)V+32 java.base
j  java.util.stream.AbstractPipeline.wrapAndCopyInto(Ljava/util/stream/Sink;Ljava/util/Spliterator;)Ljava/util/stream/Sink;+13 java.base
j  java.util.stream.ForEachOps$ForEachOp.evaluateSequential(Ljava/util/stream/PipelineHelper;Ljava/util/Spliterator;)Ljava/lang/Void;+3 java.base
j  java.util.stream.ForEachOps$ForEachOp$OfRef.evaluateSequential(Ljava/util/stream/PipelineHelper;Ljava/util/Spliterator;)Ljava/lang/Object;+3 java.base
j  java.util.stream.AbstractPipeline.evaluate(Ljava/util/stream/TerminalOp;)Ljava/lang/Object;+88 java.base
j  java.util.stream.ReferencePipeline.forEach(Ljava/util/function/Consumer;)V+6 java.base
j  jdk.internal.module.ModuleHashesBuilder.computeHashes(Ljava/util/Set;)Ljava/util/Map;+201 java.base
j  jdk.tools.jmod.JmodTask$Hasher.computeHashes()Ljava/util/Map;+27 jdk.jlink
j  jdk.tools.jmod.JmodTask$JmodFileWriter.computeHashes(Ljava/lang/module/ModuleDescriptor;)Ljdk/internal/module/ModuleHashes;+84 jdk.jlink
j  jdk.tools.jmod.JmodTask$JmodFileWriter.writeModuleInfo(Ljdk/tools/jmod/JmodOutputStream;Ljava/util/Set;)V+244 jdk.jlink
j  jdk.tools.jmod.JmodTask$JmodFileWriter.write(Ljdk/tools/jmod/JmodOutputStream;)V+10 jdk.jlink
j  jdk.tools.jmod.JmodTask.create()Z+31 jdk.jlink
j  jdk.tools.jmod.JmodTask.run([Ljava/lang/String;)I+137 jdk.jlink
j  jdk.tools.jmod.Main.main([Ljava/lang/String;)V+10 jdk.jlink
v  ~StubRoutines::call_stub
Register to memory mapping:

RAX=0x00007f62d0444000 points into unknown readable memory: 58 00 00 00 00 00 00 00
RBX=0x00007f62c86601c0 points into unknown readable memory: 10 08 09 d0 62 7f 00 00
RCX=0x00000000eaaa0000 is an oop: jdk.internal.loader.ClassLoaders$AppClassLoader 
{0x00000000eaaa0000} - klass: 'jdk/internal/loader/ClassLoaders$AppClassLoader'
 - ---- fields (total size 14 words):
 - private 'defaultAssertionStatus' 'Z' @12  false
 - private final 'parent' 'Ljava/lang/ClassLoader;' @24  a 'jdk/internal/loader/ClassLoaders$PlatformClassLoader'{0x00000000eaaa47a0} (eaaa47a0)
 - private final 'name' 'Ljava/lang/String;' @28  "app"{0x00000000eaacbaa0} (eaacbaa0)
 - private final 'unnamedModule' 'Ljava/lang/Module;' @32  a 'java/lang/Module'{0x00000000eaaa3a38} (eaaa3a38)
 - private final 'nameAndId' 'Ljava/lang/String;' @36  "'app'"{0x00000000eaacbab8} (eaacbab8)
 - private final strict 'parallelLockMap' 'Ljava/util/concurrent/ConcurrentHashMap;' @40  a 'java/util/concurrent/ConcurrentHashMap'{0x00000000eaacbad0} (eaacbad0)
 - private final strict 'package2certs' 'Ljava/util/concurrent/ConcurrentHashMap;' @44  a 'java/util/concurrent/ConcurrentHashMap'{0x00000000eaacbb10} (eaacbb10)
 - private final strict 'classes' 'Ljava/util/ArrayList;' @48  a 'java/util/ArrayList'{0x00000000eaacbb50} (eaacbb50)
 - private final 'defaultDomain' 'Ljava/security/ProtectionDomain;' @52  a 'java/security/ProtectionDomain'{0x00000000eaacbb68} (eaacbb68)
 - private final strict 'packages' 'Ljava/util/concurrent/ConcurrentHashMap;' @56  a 'java/util/concurrent/ConcurrentHashMap'{0x00000000eaacbb90} (eaacbb90)
 - private volatile strict 'nativeLibraries' 'Ljava/util/Map;' @60  NULL
 (0)
 - final 'assertionLock' 'Ljava/lang/Object;' @64  a 'java/lang/Object'{0x00000000eaacbbd0} (eaacbbd0)
 - private strict 'packageAssertionStatus' 'Ljava/util/Map;' @68  NULL
 (0)
 - strict 'classAssertionStatus' 'Ljava/util/Map;' @72  NULL
 (0)
 - private volatile strict 'classLoaderValueMap' 'Ljava/util/concurrent/ConcurrentHashMap;' @76  a 'java/util/concurrent/ConcurrentHashMap'{0x00000000eaacbbe0} (eaacbbe0)
 - private final strict 'pdcache' 'Ljava/util/Map;' @80  a 'java/util/concurrent/ConcurrentHashMap'{0x00000000eaacbc20} (eaacbc20)
 - private final 'parent' 'Ljdk/internal/loader/BuiltinClassLoader;' @84  a 'jdk/internal/loader/ClassLoaders$PlatformClassLoader'{0x00000000eaaa47a0} (eaaa47a0)
 - private final 'ucp' 'Ljdk/internal/loader/URLClassPath;' @88  a 'jdk/internal/loader/URLClassPath'{0x00000000eaacbc60} (eaacbc60)
 - private final strict 'nameToModule' 'Ljava/util/Map;' @92  a 'java/util/concurrent/ConcurrentHashMap'{0x00000000eaacbc88} (eaacbc88)
 - private final strict 'moduleToReader' 'Ljava/util/Map;' @96  a 'java/util/concurrent/ConcurrentHashMap'{0x00000000eaacbcc8} (eaacbcc8)
 - private volatile strict 'resourceCache' 'Ljava/lang/ref/SoftReference;' @100  NULL
 (0)
 - final 'ucp' 'Ljdk/internal/loader/URLClassPath;' @104  a 'jdk/internal/loader/URLClassPath'{0x00000000eaacbc60} (eaacbc60)
RDX=0x00000000eaaa0000 is an oop: jdk.internal.loader.ClassLoaders$AppClassLoader 
{0x00000000eaaa0000} - klass: 'jdk/internal/loader/ClassLoaders$AppClassLoader'
 - ---- fields (total size 14 words):
 - private 'defaultAssertionStatus' 'Z' @12  false
 - private final 'parent' 'Ljava/lang/ClassLoader;' @24  a 'jdk/internal/loader/ClassLoaders$PlatformClassLoader'{0x00000000eaaa47a0} (eaaa47a0)
 - private final 'name' 'Ljava/lang/String;' @28  "app"{0x00000000eaacbaa0} (eaacbaa0)
 - private final 'unnamedModule' 'Ljava/lang/Module;' @32  a 'java/lang/Module'{0x00000000eaaa3a38} (eaaa3a38)
 - private final 'nameAndId' 'Ljava/lang/String;' @36  "'app'"{0x00000000eaacbab8} (eaacbab8)
 - private final strict 'parallelLockMap' 'Ljava/util/concurrent/ConcurrentHashMap;' @40  a 'java/util/concurrent/ConcurrentHashMap'{0x00000000eaacbad0} (eaacbad0)
 - private final strict 'package2certs' 'Ljava/util/concurrent/ConcurrentHashMap;' @44  a 'java/util/concurrent/ConcurrentHashMap'{0x00000000eaacbb10} (eaacbb10)
 - private final strict 'classes' 'Ljava/util/ArrayList;' @48  a 'java/util/ArrayList'{0x00000000eaacbb50} (eaacbb50)
 - private final 'defaultDomain' 'Ljava/security/ProtectionDomain;' @52  a 'java/security/ProtectionDomain'{0x00000000eaacbb68} (eaacbb68)
 - private final strict 'packages' 'Ljava/util/concurrent/ConcurrentHashMap;' @56  a 'java/util/concurrent/ConcurrentHashMap'{0x00000000eaacbb90} (eaacbb90)
 - private volatile strict 'nativeLibraries' 'Ljava/util/Map;' @60  NULL
 (0)
 - final 'assertionLock' 'Ljava/lang/Object;' @64  a 'java/lang/Object'{0x00000000eaacbbd0} (eaacbbd0)
 - private strict 'packageAssertionStatus' 'Ljava/util/Map;' @68  NULL
 (0)
 - strict 'classAssertionStatus' 'Ljava/util/Map;' @72  NULL
 (0)
 - private volatile strict 'classLoaderValueMap' 'Ljava/util/concurrent/ConcurrentHashMap;' @76  a 'java/util/concurrent/ConcurrentHashMap'{0x00000000eaacbbe0} (eaacbbe0)
 - private final strict 'pdcache' 'Ljava/util/Map;' @80  a 'java/util/concurrent/ConcurrentHashMap'{0x00000000eaacbc20} (eaacbc20)
 - private final 'parent' 'Ljdk/internal/loader/BuiltinClassLoader;' @84  a 'jdk/internal/loader/ClassLoaders$PlatformClassLoader'{0x00000000eaaa47a0} (eaaa47a0)
 - private final 'ucp' 'Ljdk/internal/loader/URLClassPath;' @88  a 'jdk/internal/loader/URLClassPath'{0x00000000eaacbc60} (eaacbc60)
 - private final strict 'nameToModule' 'Ljava/util/Map;' @92  a 'java/util/concurrent/ConcurrentHashMap'{0x00000000eaacbc88} (eaacbc88)
 - private final strict 'moduleToReader' 'Ljava/util/Map;' @96  a 'java/util/concurrent/ConcurrentHashMap'{0x00000000eaacbcc8} (eaacbcc8)
 - private volatile strict 'resourceCache' 'Ljava/lang/ref/SoftReference;' @100  NULL
 (0)
 - final 'ucp' 'Ljdk/internal/loader/URLClassPath;' @104  a 'jdk/internal/loader/URLClassPath'{0x00000000eaacbc60} (eaacbc60)
RSP=0x00007f62ce212250 is pointing into the stack for thread: 0x00007f62c8033000
RBP=0x00007f62ce212270 is pointing into the stack for thread: 0x00007f62c8033000
RSI=0x00007f62c83dc8d0 points into unknown readable memory: 90 6d 47 c8 62 7f 00 00
RDI=0x00007f62ce212190 is pointing into the stack for thread: 0x00007f62c8033000
R8 =0x00007f62cea90314: <offset 0x0000000000735314> in /home/martynas/phd/jdk/build/linux-x86_64-server-slowdebug/jdk/lib/server/libjvm.so at 0x00007f62ce35b000
R9 =0x0 is NULL
R10=0x00007f62ce211f80 is pointing into the stack for thread: 0x00007f62c8033000
R11=0x0000000000005ca1 is an unknown value
R12=0x0 is NULL
R13=0x00007f62cd5ce1d8 is pointing into metadata
R14=0x00007f62ce212468 is pointing into the stack for thread: 0x00007f62c8033000
R15=0x00007f62c8033000 is a thread


Registers:
RAX=0x00007f62d0444000, RBX=0x00007f62c86601c0, RCX=0x00000000eaaa0000, RDX=0x00000000eaaa0000
RSP=0x00007f62ce212250, RBP=0x00007f62ce212270, RSI=0x00007f62c83dc8d0, RDI=0x00007f62ce212190
R8 =0x00007f62cea90314, R9 =0x0000000000000000, R10=0x00007f62ce211f80, R11=0x0000000000005ca1
R12=0x0000000000000000, R13=0x00007f62cd5ce1d8, R14=0x00007f62ce212468, R15=0x00007f62c8033000
RIP=0x00007f62cee3ab9d, EFLAGS=0x0000000000010202, CSGSFS=0x002b000000000033, ERR=0x0000000000000006
  TRAPNO=0x000000000000000e

Top of Stack: (sp=0x00007f62ce212250)
0x00007f62ce212250:   00007f62c83dc8d0 00007f62c8033370
0x00007f62ce212260:   0000000000000000 00007f62c8033000
0x00007f62ce212270:   00007f62ce212320 00007f62cedde691
0x00007f62ce212280:   00007f62ce212460 00007f62c8033370 

Instructions: (pc=0x00007f62cee3ab9d)
0x00007f62cee3aa9d:   83 c0 50 48 8b 10 48 8b 45 f8 48 89 c7 ff d2 83
0x00007f62cee3aaad:   f0 01 84 c0 74 36 48 8d 05 d6 27 27 01 48 8b 00
0x00007f62cee3aabd:   c6 00 58 48 8d 0d ec 83 a8 00 48 8d 15 6a 7b a8
0x00007f62cee3aacd:   00 be 4d 00 00 00 48 8d 3d 6e 83 a8 00 b8 00 00
0x00007f62cee3aadd:   00 00 e8 5a dd c4 ff e8 4f 39 3d 00 e8 b6 0c 00
0x00007f62cee3aaed:   00 84 c0 74 36 48 8d 05 97 27 27 01 48 8b 00 c6
0x00007f62cee3aafd:   00 58 48 8d 0d 6b 83 a8 00 48 8d 15 7b 83 a8 00
0x00007f62cee3ab0d:   be 4e 00 00 00 48 8d 3d 2f 83 a8 00 b8 00 00 00
0x00007f62cee3ab1d:   00 e8 1b dd c4 ff e8 10 39 3d 00 48 8b 45 f8 48
0x00007f62cee3ab2d:   89 c7 e8 84 d3 c1 ff 48 89 c2 48 8b 45 f0 48 89
0x00007f62cee3ab3d:   c6 48 89 d7 e8 34 12 00 00 90 c9 c3 90 55 48 89
0x00007f62cee3ab4d:   e5 48 83 ec 20 48 89 7d e8 48 89 75 e0 48 83 7d
0x00007f62cee3ab5d:   e0 00 75 0a b8 00 00 00 00 e9 bc 00 00 00 48 8b
0x00007f62cee3ab6d:   45 e8 48 89 c7 e8 ca f2 d5 ff 48 89 45 f8 48 8b
0x00007f62cee3ab7d:   45 e0 be 00 00 00 00 48 89 c7 e8 e0 e3 3a 00 83
0x00007f62cee3ab8d:   f0 01 84 c0 74 36 48 8d 05 f6 26 27 01 48 8b 00
0x00007f62cee3ab9d:   c6 00 58 48 8d 0d 69 82 a8 00 48 8d 15 72 82 a8
0x00007f62cee3abad:   00 be 59 00 00 00 48 8d 3d 8e 82 a8 00 b8 00 00
0x00007f62cee3abbd:   00 00 e8 7a dc c4 ff e8 6f 38 3d 00 e8 d6 0b 00
0x00007f62cee3abcd:   00 84 c0 74 36 48 8d 05 b7 26 27 01 48 8b 00 c6
0x00007f62cee3abdd:   00 58 48 8d 0d 8b 82 a8 00 48 8d 15 9b 82 a8 00
0x00007f62cee3abed:   be 5a 00 00 00 48 8d 3d 4f 82 a8 00 b8 00 00 00
0x00007f62cee3abfd:   00 e8 3b dc c4 ff e8 30 38 3d 00 48 8b 45 f8 48
0x00007f62cee3ac0d:   89 c7 e8 a4 d2 c1 ff 48 89 c2 48 8b 45 e0 48 89
0x00007f62cee3ac1d:   c6 48 89 d7 e8 54 11 00 00 90 c9 c3 55 48 89 e5
0x00007f62cee3ac2d:   48 83 ec 10 89 7d fc 48 89 75 f0 83 7d fc 00 75
0x00007f62cee3ac3d:   35 48 8b 45 f0 49 89 c1 4c 8d 05 79 82 a8 00 b9
0x00007f62cee3ac4d:   01 00 00 e0 ba 08 00 00 00 be 64 00 00 00 48 8d
0x00007f62cee3ac5d:   3d e6 81 a8 00 b8 00 00 00 00 e8 83 df c4 ff e8
0x00007f62cee3ac6d:   c7 37 3d 00 eb 3c 83 7d fc 01 74 36 48 8d 05 10
0x00007f62cee3ac7d:   26 27 01 48 8b 00 c6 00 58 48 8d 0d 54 82 a8 00
0x00007f62cee3ac8d:   48 8d 15 5c 82 a8 00 be 67 00 00 00 48 8d 3d a8 


Stack slot to memory mapping:
stack at sp + 0 slots: 0x00007f62c83dc8d0 points into unknown readable memory: 90 6d 47 c8 62 7f 00 00
stack at sp + 1 slots: 0x00007f62c8033370 points into unknown readable memory: 80 ff 0a d0 62 7f 00 00
stack at sp + 2 slots: 0x0 is NULL
stack at sp + 3 slots: 0x00007f62c8033000 is a thread
stack at sp + 4 slots: 0x00007f62ce212320 is pointing into the stack for thread: 0x00007f62c8033000
stack at sp + 5 slots: 0x00007f62cedde691: <offset 0x0000000000a83691> in /home/martynas/phd/jdk/build/linux-x86_64-server-slowdebug/jdk/lib/server/libjvm.so at 0x00007f62ce35b000
stack at sp + 6 slots: 0x00007f62ce212460 is pointing into the stack for thread: 0x00007f62c8033000
stack at sp + 7 slots: 0x00007f62c8033370 points into unknown readable memory: 80 ff 0a d0 62 7f 00 00


---------------  P R O C E S S  ---------------

uid  : 1000 euid : 1000 gid  : 1000 egid : 1000

umask: 0022 (----w--w-)

Threads class SMR info:
_java_thread_list=0x00007f62c84cbc00, length=9, elements={
0x00007f62c8033000, 0x00007f62c81da000, 0x00007f62c81dc800, 0x00007f62c822e000,
0x00007f62c8230000, 0x00007f62c8232800, 0x00007f62c823c800, 0x00007f62c82a7800,
0x00007f62c84ca000
}
_java_thread_list_alloc_cnt=10, _java_thread_list_free_cnt=8, _java_thread_list_max=9, _nested_thread_list_max=0
_tlh_cnt=95, _tlh_times=0, avg_tlh_time=0.00, _tlh_time_max=0
_delete_lock_wait_cnt=0, _delete_lock_wait_max=0
_to_delete_list_cnt=0, _to_delete_list_max=1

Java Threads: ( => current thread )
=>0x00007f62c8033000 JavaThread "main" [_thread_in_vm, id=175084, stack(0x00007f62ce114000,0x00007f62ce215000)]
  0x00007f62c81da000 JavaThread "Reference Handler" daemon [_thread_blocked, id=175093, stack(0x00007f62cd1e7000,0x00007f62cd2e8000)]
  0x00007f62c81dc800 JavaThread "Finalizer" daemon [_thread_blocked, id=175094, stack(0x00007f62cd0e6000,0x00007f62cd1e7000)]
  0x00007f62c822e000 JavaThread "Signal Dispatcher" daemon [_thread_blocked, id=175095, stack(0x00007f62ccfe5000,0x00007f62cd0e6000)]
  0x00007f62c8230000 JavaThread "Service Thread" daemon [_thread_blocked, id=175096, stack(0x00007f62ccee4000,0x00007f62ccfe5000)]
  0x00007f62c8232800 JavaThread "C1 CompilerThread0" daemon [_thread_blocked, id=175097, stack(0x00007f62ccde3000,0x00007f62ccee4000)]
  0x00007f62c823c800 JavaThread "Sweeper thread" daemon [_thread_blocked, id=175098, stack(0x00007f62ccce2000,0x00007f62ccde3000)]
  0x00007f62c82a7800 JavaThread "Common-Cleaner" daemon [_thread_blocked, id=175099, stack(0x00007f62ccb7d000,0x00007f62ccc7e000)]
  0x00007f62c84ca000 JavaThread "Notification Thread" daemon [_thread_blocked, id=175106, stack(0x00007f62cca7c000,0x00007f62ccb7d000)]

Other Threads:
  0x00007f62c81b8000 VMThread "VM Thread" [stack: 0x00007f62cd2ea000,0x00007f62cd3ea000] [id=175091]
  0x00007f62c84cd000 WatcherThread [stack: 0x00007f62cc97c000,0x00007f62cca7c000] [id=175107]

Threads with active compile tasks:

VM state:not at safepoint (normal execution)

VM Mutex/Monitor currently owned by a thread: None

Heap address: 0x00000000e0000000, size: 512 MB, Compressed Oops mode: 32-bit
Narrow klass base: 0x0000000000000000, Narrow klass shift: 3
Compressed class space size: 1073741824 Address: 0x0000000100000000

Heap:
 def new generation   total 9792K, used 2488K [0x00000000e0000000, 0x00000000e0aa0000, 0x00000000eaaa0000)
  eden space 8704K,  21% used [0x00000000e0000000, 0x00000000e01d86f8, 0x00000000e0880000)
  from space 1088K,  54% used [0x00000000e0880000, 0x00000000e0915960, 0x00000000e0990000)
  to   space 1088K,   0% used [0x00000000e0990000, 0x00000000e0990000, 0x00000000e0aa0000)
 tenured generation   total 21888K, used 1067K [0x00000000eaaa0000, 0x00000000ec000000, 0x0000000100000000)
   the space 21888K,   4% used [0x00000000eaaa0000, 0x00000000eabaadd8, 0x00000000eabaae00, 0x00000000ec000000)
 Metaspace       used 8564K, capacity 8862K, committed 8960K, reserved 1056768K
  class space    used 852K, capacity 990K, committed 1024K, reserved 1048576K

Card table byte_map: [0x00007f62cddf4000,0x00007f62cdef5000] _byte_map_base: 0x00007f62cd6f4000

Polling page: 0x00007f62d03f3000

Metaspace:

Usage:
  Non-class:      7.69 MB capacity,     7.53 MB ( 98%) used,   137.65 KB (  2%) free+waste,    21.94 KB ( <1%) overhead. 
      Class:    990.00 KB capacity,   852.55 KB ( 86%) used,   125.20 KB ( 13%) free+waste,    12.25 KB (  1%) overhead. 
       Both:      8.65 MB capacity,     8.36 MB ( 97%) used,   262.84 KB (  3%) free+waste,    34.19 KB ( <1%) overhead. 

Virtual space:
  Non-class space:        8.00 MB reserved,       7.75 MB ( 97%) committed 
      Class space:        1.00 GB reserved,       1.00 MB ( <1%) committed 
             Both:        1.01 GB reserved,       8.75 MB ( <1%) committed 

Chunk freelists:
   Non-Class:  36.00 KB
       Class:  2.00 KB
        Both:  38.00 KB

MaxMetaspaceSize: unlimited
CompressedClassSpaceSize: 1.00 GB

CodeHeap 'non-profiled nmethods': size=238384Kb used=1182Kb max_used=1182Kb free=237201Kb
 bounds [0x00007f62b9734000, 0x00007f62b99a4000, 0x00007f62c8000000]
CodeHeap 'non-nmethods': size=7376Kb used=1818Kb max_used=1818Kb free=5557Kb
 bounds [0x00007f62b9000000, 0x00007f62b9270000, 0x00007f62b9734000]
 total_blobs=1604 nmethods=708 adapters=835
 compilation: enabled
              stopped_count=0, restarted_count=0
 full_count=0

Compilation events (20 events):
Event: 3.009 Thread 0x00007f62c8232800  966       1       java.security.MessageDigest$Delegate::engineUpdate (9 bytes)
Event: 3.010 Thread 0x00007f62c8232800 nmethod 966 0x00007f62b9857f90 code [0x00007f62b9858160, 0x00007f62b9858288]
Event: 3.010 Thread 0x00007f62c8232800  968       1       sun.security.provider.DigestBase::implCompressMultiBlock (15 bytes)
Event: 3.012 Thread 0x00007f62c8232800 nmethod 968 0x00007f62b9858310 code [0x00007f62b98584e0, 0x00007f62b9858678]
Event: 3.012 Thread 0x00007f62c8232800  967       1       java.security.MessageDigestSpi::engineUpdate (141 bytes)
Event: 3.022 Thread 0x00007f62c8232800 nmethod 967 0x00007f62b9858810 code [0x00007f62b9858b20, 0x00007f62b9859268]
Event: 3.022 Thread 0x00007f62c8232800  969       1       jdk.internal.ref.PhantomCleanable::clean (16 bytes)
Event: 3.023 Thread 0x00007f62c8232800 nmethod 969 0x00007f62b9859a10 code [0x00007f62b9859bc0, 0x00007f62b9859d18]
Event: 3.023 Thread 0x00007f62c8232800  970       1       jdk.internal.ref.CleanerImpl$PhantomCleanableRef::performCleanup (10 bytes)
Event: 3.024 Thread 0x00007f62c8232800 nmethod 970 0x00007f62b9859e10 code [0x00007f62b9859fe0, 0x00007f62b985a108]
Event: 3.045 Thread 0x00007f62c8232800  971       1       sun.security.provider.DigestBase::implCompressMultiBlockCheck (67 bytes)
Event: 3.049 Thread 0x00007f62c8232800 nmethod 971 0x00007f62b985a190 code [0x00007f62b985a380, 0x00007f62b985a688]
Event: 3.049 Thread 0x00007f62c8232800  972       1       java.nio.ByteBuffer::clear (7 bytes)
Event: 3.050 Thread 0x00007f62c8232800 nmethod 972 0x00007f62b985aa10 code [0x00007f62b985abc0, 0x00007f62b985acb8]
Event: 3.050 Thread 0x00007f62c8232800  973       1       java.nio.Buffer::clear (20 bytes)
Event: 3.050 Thread 0x00007f62c8232800 nmethod 973 0x00007f62b985ad90 code [0x00007f62b985af40, 0x00007f62b985b038]
Event: 3.186 Thread 0x00007f62c8232800  974       1       jdk.internal.reflect.ClassFileAssembler::emitByte (11 bytes)
Event: 3.187 Thread 0x00007f62c8232800 nmethod 974 0x00007f62b985b110 code [0x00007f62b985b300, 0x00007f62b985b488]
Event: 3.187 Thread 0x00007f62c8232800  975       1       jdk.internal.reflect.ByteVectorImpl::add (38 bytes)
Event: 3.189 Thread 0x00007f62c8232800 nmethod 975 0x00007f62b985b590 code [0x00007f62b985b7a0, 0x00007f62b985b988]

GC Heap History (8 events):
Event: 1.825 GC heap before
{Heap before GC invocations=0 (full 0):
 def new generation   total 9792K, used 8704K [0x00000000e0000000, 0x00000000e0aa0000, 0x00000000eaaa0000)
  eden space 8704K, 100% used [0x00000000e0000000, 0x00000000e0880000, 0x00000000e0880000)
  from space 1088K,   0% used [0x00000000e0880000, 0x00000000e0880000, 0x00000000e0990000)
  to   space 1088K,   0% used [0x00000000e0990000, 0x00000000e0990000, 0x00000000e0aa0000)
 tenured generation   total 21888K, used 0K [0x00000000eaaa0000, 0x00000000ec000000, 0x0000000100000000)
   the space 21888K,   0% used [0x00000000eaaa0000, 0x00000000eaaa0000, 0x00000000eaaa0200, 0x00000000ec000000)
 Metaspace       used 7631K, capacity 7777K, committed 8064K, reserved 1056768K
  class space    used 735K, capacity 798K, committed 896K, reserved 1048576K
}
Event: 1.876 GC heap after
{Heap after GC invocations=1 (full 0):
 def new generation   total 9792K, used 1072K [0x00000000e0000000, 0x00000000e0aa0000, 0x00000000eaaa0000)
  eden space 8704K,   0% used [0x00000000e0000000, 0x00000000e0000000, 0x00000000e0880000)
  from space 1088K,  98% used [0x00000000e0990000, 0x00000000e0a9c3b0, 0x00000000e0aa0000)
  to   space 1088K,   0% used [0x00000000e0880000, 0x00000000e0880000, 0x00000000e0990000)
 tenured generation   total 21888K, used 0K [0x00000000eaaa0000, 0x00000000ec000000, 0x0000000100000000)
   the space 21888K,   0% used [0x00000000eaaa0000, 0x00000000eaaa0000, 0x00000000eaaa0200, 0x00000000ec000000)
 Metaspace       used 7631K, capacity 7777K, committed 8064K, reserved 1056768K
  class space    used 735K, capacity 798K, committed 896K, reserved 1048576K
}
Event: 2.158 GC heap before
{Heap before GC invocations=1 (full 0):
 def new generation   total 9792K, used 9776K [0x00000000e0000000, 0x00000000e0aa0000, 0x00000000eaaa0000)
  eden space 8704K, 100% used [0x00000000e0000000, 0x00000000e0880000, 0x00000000e0880000)
  from space 1088K,  98% used [0x00000000e0990000, 0x00000000e0a9c3b0, 0x00000000e0aa0000)
  to   space 1088K,   0% used [0x00000000e0880000, 0x00000000e0880000, 0x00000000e0990000)
 tenured generation   total 21888K, used 0K [0x00000000eaaa0000, 0x00000000ec000000, 0x0000000100000000)
   the space 21888K,   0% used [0x00000000eaaa0000, 0x00000000eaaa0000, 0x00000000eaaa0200, 0x00000000ec000000)
 Metaspace       used 7658K, capacity 7845K, committed 8064K, reserved 1056768K
  class space    used 735K, capacity 798K, committed 896K, reserved 1048576K
}
Event: 2.211 GC heap after
{Heap after GC invocations=2 (full 0):
 def new generation   total 9792K, used 18K [0x00000000e0000000, 0x00000000e0aa0000, 0x00000000eaaa0000)
  eden space 8704K,   0% used [0x00000000e0000000, 0x00000000e0000000, 0x00000000e0880000)
  from space 1088K,   1% used [0x00000000e0880000, 0x00000000e0884960, 0x00000000e0990000)
  to   space 1088K,   0% used [0x00000000e0990000, 0x00000000e0990000, 0x00000000e0aa0000)
 tenured generation   total 21888K, used 1067K [0x00000000eaaa0000, 0x00000000ec000000, 0x0000000100000000)
   the space 21888K,   4% used [0x00000000eaaa0000, 0x00000000eabaadd8, 0x00000000eabaae00, 0x00000000ec000000)
 Metaspace       used 7658K, capacity 7845K, committed 8064K, reserved 1056768K
  class space    used 735K, capacity 798K, committed 896K, reserved 1048576K
}
Event: 2.317 GC heap before
{Heap before GC invocations=2 (full 0):
 def new generation   total 9792K, used 8722K [0x00000000e0000000, 0x00000000e0aa0000, 0x00000000eaaa0000)
  eden space 8704K, 100% used [0x00000000e0000000, 0x00000000e0880000, 0x00000000e0880000)
  from space 1088K,   1% used [0x00000000e0880000, 0x00000000e0884960, 0x00000000e0990000)
  to   space 1088K,   0% used [0x00000000e0990000, 0x00000000e0990000, 0x00000000e0aa0000)
 tenured generation   total 21888K, used 1067K [0x00000000eaaa0000, 0x00000000ec000000, 0x0000000100000000)
   the space 21888K,   4% used [0x00000000eaaa0000, 0x00000000eabaadd8, 0x00000000eabaae00, 0x00000000ec000000)
 Metaspace       used 7658K, capacity 7845K, committed 8064K, reserved 1056768K
  class space    used 735K, capacity 798K, committed 896K, reserved 1048576K
}
Event: 2.325 GC heap after
{Heap after GC invocations=3 (full 0):
 def new generation   total 9792K, used 22K [0x00000000e0000000, 0x00000000e0aa0000, 0x00000000eaaa0000)
  eden space 8704K,   0% used [0x00000000e0000000, 0x00000000e0000000, 0x00000000e0880000)
  from space 1088K,   2% used [0x00000000e0990000, 0x00000000e09959e8, 0x00000000e0aa0000)
  to   space 1088K,   0% used [0x00000000e0880000, 0x00000000e0880000, 0x00000000e0990000)
 tenured generation   total 21888K, used 1067K [0x00000000eaaa0000, 0x00000000ec000000, 0x0000000100000000)
   the space 21888K,   4% used [0x00000000eaaa0000, 0x00000000eabaadd8, 0x00000000eabaae00, 0x00000000ec000000)
 Metaspace       used 7658K, capacity 7845K, committed 8064K, reserved 1056768K
  class space    used 735K, capacity 798K, committed 896K, reserved 1048576K
}
Event: 2.652 GC heap before
{Heap before GC invocations=3 (full 0):
 def new generation   total 9792K, used 8726K [0x00000000e0000000, 0x00000000e0aa0000, 0x00000000eaaa0000)
  eden space 8704K, 100% used [0x00000000e0000000, 0x00000000e0880000, 0x00000000e0880000)
  from space 1088K,   2% used [0x00000000e0990000, 0x00000000e09959e8, 0x00000000e0aa0000)
  to   space 1088K,   0% used [0x00000000e0880000, 0x00000000e0880000, 0x00000000e0990000)
 tenured generation   total 21888K, used 1067K [0x00000000eaaa0000, 0x00000000ec000000, 0x0000000100000000)
   the space 21888K,   4% used [0x00000000eaaa0000, 0x00000000eabaadd8, 0x00000000eabaae00, 0x00000000ec000000)
 Metaspace       used 8032K, capacity 8255K, committed 8320K, reserved 1056768K
  class space    used 783K, capacity 893K, committed 896K, reserved 1048576K
}
Event: 2.688 GC heap after
{Heap after GC invocations=4 (full 0):
 def new generation   total 9792K, used 598K [0x00000000e0000000, 0x00000000e0aa0000, 0x00000000eaaa0000)
  eden space 8704K,   0% used [0x00000000e0000000, 0x00000000e0000000, 0x00000000e0880000)
  from space 1088K,  54% used [0x00000000e0880000, 0x00000000e0915960, 0x00000000e0990000)
  to   space 1088K,   0% used [0x00000000e0990000, 0x00000000e0990000, 0x00000000e0aa0000)
 tenured generation   total 21888K, used 1067K [0x00000000eaaa0000, 0x00000000ec000000, 0x0000000100000000)
   the space 21888K,   4% used [0x00000000eaaa0000, 0x00000000eabaadd8, 0x00000000eabaae00, 0x00000000ec000000)
 Metaspace       used 8032K, capacity 8255K, committed 8320K, reserved 1056768K
  class space    used 783K, capacity 893K, committed 896K, reserved 1048576K
}

Deoptimization events (0 events):
No events

Classes unloaded (0 events):
No events

Classes redefined (0 events):
No events

Internal exceptions (20 events):
Event: 1.574 Thread 0x00007f62c8033000 Exception <a 'java/lang/NoSuchMethodError'{0x00000000e0692d50}: 'java.lang.Object java.lang.invoke.DirectMethodHandle$Holder.invokeStatic(java.lang.Object, java.lang.Object, java.lang.Object, java.lang.Object, java.lang.Object)'> (0x00000000e0692d50) 
thrown [src/hotspot/share/interpreter/linkResolver.cpp, line 765]
Event: 1.591 Thread 0x00007f62c8033000 Exception <a 'java/lang/NoSuchMethodError'{0x00000000e0699f60}: 'int java.lang.invoke.DirectMethodHandle$Holder.invokeStatic(java.lang.Object, int)'> (0x00000000e0699f60) 
thrown [src/hotspot/share/interpreter/linkResolver.cpp, line 765]
Event: 1.607 Thread 0x00007f62c8033000 Exception <a 'java/lang/NoSuchMethodError'{0x00000000e06a4d40}: 'int java.lang.invoke.DirectMethodHandle$Holder.invokeStatic(java.lang.Object, int, int)'> (0x00000000e06a4d40) 
thrown [src/hotspot/share/interpreter/linkResolver.cpp, line 765]
Event: 1.610 Thread 0x00007f62c8033000 Exception <a 'java/lang/NoSuchMethodError'{0x00000000e06a9d10}: 'java.lang.Object java.lang.invoke.DirectMethodHandle$Holder.invokeStatic(java.lang.Object, int)'> (0x00000000e06a9d10) 
thrown [src/hotspot/share/interpreter/linkResolver.cpp, line 765]
Event: 1.613 Thread 0x00007f62c8033000 Exception <a 'java/lang/NoSuchMethodError'{0x00000000e06af7b0}: 'java.lang.Object java.lang.invoke.Invokers$Holder.linkToTargetMethod(int, java.lang.Object)'> (0x00000000e06af7b0) 
thrown [src/hotspot/share/interpreter/linkResolver.cpp, line 765]
Event: 1.660 Thread 0x00007f62c8033000 Exception <a 'java/lang/NoSuchMethodError'{0x00000000e06f0508}: 'java.lang.Object java.lang.invoke.DirectMethodHandle$Holder.invokeSpecial(java.lang.Object, java.lang.Object, long)'> (0x00000000e06f0508) 
thrown [src/hotspot/share/interpreter/linkResolver.cpp, line 765]
Event: 1.668 Thread 0x00007f62c8033000 Exception <a 'java/lang/NoSuchMethodError'{0x00000000e07060d8}: 'java.lang.Object java.lang.invoke.DirectMethodHandle$Holder.invokeStatic(java.lang.Object, java.lang.Object, java.lang.Object, java.lang.Object, long)'> (0x00000000e07060d8) 
thrown [src/hotspot/share/interpreter/linkResolver.cpp, line 765]
Event: 1.670 Thread 0x00007f62c8033000 Exception <a 'java/lang/NoSuchMethodError'{0x00000000e07099e0}: 'long java.lang.invoke.DirectMethodHandle$Holder.getLong(java.lang.Object, java.lang.Object)'> (0x00000000e07099e0) 
thrown [src/hotspot/share/interpreter/linkResolver.cpp, line 765]
Event: 1.683 Thread 0x00007f62c8033000 Exception <a 'java/lang/NoSuchMethodError'{0x00000000e0731608}: 'java.lang.Object java.lang.invoke.DirectMethodHandle$Holder.invokeStatic(java.lang.Object, java.lang.Object, java.lang.Object, java.lang.Object, java.lang.Object, java.lang.Object, java.lang.Object, java.lang.Object)'> (0x00000000e0731608) 
thrown [src/hotspot/share/interpreter/linkResolver.cpp, line 765]
Event: 1.715 Thread 0x00007f62c8033000 Exception <a 'java/lang/NoSuchMethodError'{0x00000000e0741ed8}: 'java.lang.Object java.lang.invoke.DirectMethodHandle$Holder.invokeInterface(java.lang.Object, java.lang.Object, java.lang.Object)'> (0x00000000e0741ed8) 
thrown [src/hotspot/share/interpreter/linkResolver.cpp, line 765]
Event: 1.719 Thread 0x00007f62c8033000 Exception <a 'java/lang/NoSuchMethodError'{0x00000000e0747630}: 'int java.lang.invoke.DirectMethodHandle$Holder.invokeSpecial(java.lang.Object, java.lang.Object, java.lang.Object)'> (0x00000000e0747630) 
thrown [src/hotspot/share/interpreter/linkResolver.cpp, line 765]
Event: 2.378 Thread 0x00007f62c8033000 Exception <a 'java/lang/NoSuchMethodError'{0x00000000e01933c8}: 'void java.lang.invoke.DirectMethodHandle$Holder.invokeSpecial(java.lang.Object, java.lang.Object, java.lang.Object, java.lang.Object)'> (0x00000000e01933c8) 
thrown [src/hotspot/share/interpreter/linkResolver.cpp, line 765]
Event: 2.404 Thread 0x00007f62c8033000 Exception <a 'java/lang/NoSuchMethodError'{0x00000000e01a0e10}: 'java.lang.Object java.lang.invoke.DirectMethodHandle$Holder.newInvokeSpecial(java.lang.Object, java.lang.Object)'> (0x00000000e01a0e10) 
thrown [src/hotspot/share/interpreter/linkResolver.cpp, line 765]
Event: 2.554 Thread 0x00007f62c8033000 Exception <a 'java/lang/NoSuchMethodError'{0x00000000e0527198}: 'java.lang.Object java.lang.invoke.DirectMethodHandle$Holder.invokeVirtual(java.lang.Object, java.lang.Object)'> (0x00000000e0527198) 
thrown [src/hotspot/share/interpreter/linkResolver.cpp, line 765]
Event: 2.716 Thread 0x00007f62c8033000 Exception <a 'java/lang/NoSuchMethodError'{0x00000000e00c06c8}: 'int java.lang.invoke.DirectMethodHandle$Holder.invokeStatic(java.lang.Object, java.lang.Object, java.lang.Object, java.lang.Object)'> (0x00000000e00c06c8) 
thrown [src/hotspot/share/interpreter/linkResolver.cpp, line 765]
Event: 2.722 Thread 0x00007f62c8033000 Exception <a 'java/lang/NoSuchMethodError'{0x00000000e00c7928}: 'void java.lang.invoke.DirectMethodHandle$Holder.invokeVirtual(java.lang.Object, java.lang.Object, java.lang.Object)'> (0x00000000e00c7928) 
thrown [src/hotspot/share/interpreter/linkResolver.cpp, line 765]
Event: 2.736 Thread 0x00007f62c8033000 Exception <a 'java/lang/NoSuchMethodError'{0x00000000e00eba80}: 'void java.lang.invoke.DirectMethodHandle$Holder.invokeSpecial(java.lang.Object, java.lang.Object, java.lang.Object, java.lang.Object, java.lang.Object)'> (0x00000000e00eba80) 
thrown [src/hotspot/share/interpreter/linkResolver.cpp, line 765]
Event: 2.744 Thread 0x00007f62c8033000 Exception <a 'java/lang/NoSuchMethodError'{0x00000000e00f9ee8}: 'void java.lang.invoke.DirectMethodHandle$Holder.invokeSpecial(java.lang.Object, java.lang.Object, java.lang.Object, java.lang.Object, java.lang.Object, java.lang.Object)'> (0x00000000e00f9ee8) 
thrown [src/hotspot/share/interpreter/linkResolver.cpp, line 765]
Event: 2.747 Thread 0x00007f62c8033000 Exception <a 'java/lang/NoSuchMethodError'{0x00000000e0100a70}: 'java.lang.Object java.lang.invoke.DirectMethodHandle$Holder.invokeSpecial(java.lang.Object, java.lang.Object, java.lang.Object, java.lang.Object, java.lang.Object, java.lang.Object)'> (0x00000000e0100a70) 
thrown [src/hotspot/share/interpreter/linkResolver.cpp, line 765]
Event: 2.749 Thread 0x00007f62c8033000 Exception <a 'java/lang/NoSuchMethodError'{0x00000000e0103820}: 'java.lang.Object java.lang.invoke.Invokers$Holder.linkToTargetMethod(java.lang.Object, java.lang.Object, java.lang.Object, java.lang.Object, java.lang.Object)'> (0x00000000e0103820) 
thrown [src/hotspot/share/interpreter/linkResolver.cpp, line 765]

Events (20 events):
Event: 3.181 loading class jdk/internal/reflect/ByteVectorImpl done
Event: 3.181 loading class jdk/internal/reflect/ClassFileAssembler
Event: 3.183 loading class jdk/internal/reflect/ClassFileAssembler done
Event: 3.184 loading class jdk/internal/reflect/UTF8
Event: 3.185 loading class jdk/internal/reflect/UTF8 done
Event: 3.188 loading class jdk/internal/reflect/Label
Event: 3.189 loading class jdk/internal/reflect/Label done
Event: 3.190 loading class jdk/internal/reflect/Label$PatchInfo
Event: 3.190 loading class jdk/internal/reflect/Label$PatchInfo done
Event: 3.191 loading class jdk/internal/reflect/MethodAccessorGenerator$1
Event: 3.191 loading class jdk/internal/reflect/MethodAccessorGenerator$1 done
Event: 3.192 loading class jdk/internal/reflect/ClassDefiner
Event: 3.192 loading class jdk/internal/reflect/ClassDefiner done
Event: 3.193 loading class jdk/internal/reflect/ClassDefiner$1
Event: 3.193 loading class jdk/internal/reflect/ClassDefiner$1 done
Event: 3.195 loading class java/lang/Class$1
Event: 3.196 loading class java/lang/Class$1 done
Event: 3.196 loading class jdk/internal/reflect/BootstrapConstructorAccessorImpl
Event: 3.197 loading class jdk/internal/reflect/BootstrapConstructorAccessorImpl done
Event: 3.198 Protecting memory [0x00007f62d0444000,0x00007f62d0445000] with protection modes 7


Dynamic libraries:
e0000000-e0aa0000 rw-p 00000000 00:00 0 
e0aa0000-eaaa0000 ---p 00000000 00:00 0 
eaaa0000-ec000000 rw-p 00000000 00:00 0 
ec000000-100000000 ---p 00000000 00:00 0 
100000000-100100000 rw-p 00000000 00:00 0 
100100000-140000000 ---p 00000000 00:00 0 
56170fec1000-56170fec2000 r--p 00000000 103:03 13782029                  /home/martynas/phd/jdk/build/linux-x86_64-server-slowdebug/jdk/bin/jmod
56170fec2000-56170fec3000 r-xp 00001000 103:03 13782029                  /home/martynas/phd/jdk/build/linux-x86_64-server-slowdebug/jdk/bin/jmod
56170fec3000-56170fec4000 r--p 00002000 103:03 13782029                  /home/martynas/phd/jdk/build/linux-x86_64-server-slowdebug/jdk/bin/jmod
56170fec4000-56170fec5000 r--p 00002000 103:03 13782029                  /home/martynas/phd/jdk/build/linux-x86_64-server-slowdebug/jdk/bin/jmod
56170fec5000-56170fec6000 rw-p 00003000 103:03 13782029                  /home/martynas/phd/jdk/build/linux-x86_64-server-slowdebug/jdk/bin/jmod
561711757000-561711778000 rw-p 00000000 00:00 0                          [heap]
7f628c000000-7f628c021000 rw-p 00000000 00:00 0 
7f628c021000-7f6290000000 ---p 00000000 00:00 0 
7f6294000000-7f6294021000 rw-p 00000000 00:00 0 
7f6294021000-7f6298000000 ---p 00000000 00:00 0 
7f6298000000-7f6298021000 rw-p 00000000 00:00 0 
7f6298021000-7f629c000000 ---p 00000000 00:00 0 
7f629c000000-7f629c500000 rw-p 00000000 00:00 0 
7f629c500000-7f62a0000000 ---p 00000000 00:00 0 
7f62a0000000-7f62a0021000 rw-p 00000000 00:00 0 
7f62a0021000-7f62a4000000 ---p 00000000 00:00 0 
7f62a4000000-7f62a4021000 rw-p 00000000 00:00 0 
7f62a4021000-7f62a8000000 ---p 00000000 00:00 0 
7f62a8000000-7f62a8021000 rw-p 00000000 00:00 0 
7f62a8021000-7f62ac000000 ---p 00000000 00:00 0 
7f62ac000000-7f62ac021000 rw-p 00000000 00:00 0 
7f62ac021000-7f62b0000000 ---p 00000000 00:00 0 
7f62b0000000-7f62b0021000 rw-p 00000000 00:00 0 
7f62b0021000-7f62b4000000 ---p 00000000 00:00 0 
7f62b4000000-7f62b4021000 rw-p 00000000 00:00 0 
7f62b4021000-7f62b8000000 ---p 00000000 00:00 0 
7f62b8a22000-7f62b9000000 rw-p 00000000 00:00 0 
7f62b9000000-7f62b9270000 rwxp 00000000 00:00 0 
7f62b9270000-7f62b9734000 ---p 00000000 00:00 0 
7f62b9734000-7f62b99a4000 rwxp 00000000 00:00 0 
7f62b99a4000-7f62c8000000 ---p 00000000 00:00 0 
7f62c8000000-7f62c8677000 rw-p 00000000 00:00 0 
7f62c8677000-7f62cc000000 ---p 00000000 00:00 0 
7f62cc0d5000-7f62cc97a000 rw-p 00000000 00:00 0 
7f62cc97a000-7f62cc97b000 ---p 00000000 00:00 0 
7f62cc97b000-7f62cca7c000 rw-p 00000000 00:00 0 
7f62cca7c000-7f62cca80000 ---p 00000000 00:00 0 
7f62cca80000-7f62ccb7d000 rw-p 00000000 00:00 0 
7f62ccb7d000-7f62ccb81000 ---p 00000000 00:00 0 
7f62ccb81000-7f62cccaf000 rw-p 00000000 00:00 0 
7f62cccaf000-7f62cccb3000 r--p 00000000 103:03 9719680                   /home/martynas/phd/jdk/build/linux-x86_64-server-slowdebug/jdk/lib/libnet.so
7f62cccb3000-7f62cccc6000 r-xp 00004000 103:03 9719680                   /home/martynas/phd/jdk/build/linux-x86_64-server-slowdebug/jdk/lib/libnet.so
7f62cccc6000-7f62cccca000 r--p 00017000 103:03 9719680                   /home/martynas/phd/jdk/build/linux-x86_64-server-slowdebug/jdk/lib/libnet.so
7f62cccca000-7f62ccccb000 r--p 0001a000 103:03 9719680                   /home/martynas/phd/jdk/build/linux-x86_64-server-slowdebug/jdk/lib/libnet.so
7f62ccccb000-7f62ccccc000 rw-p 0001b000 103:03 9719680                   /home/martynas/phd/jdk/build/linux-x86_64-server-slowdebug/jdk/lib/libnet.so
7f62ccccc000-7f62cccd3000 r--p 00000000 103:03 9719685                   /home/martynas/phd/jdk/build/linux-x86_64-server-slowdebug/jdk/lib/libnio.so
7f62cccd3000-7f62cccdd000 r-xp 00007000 103:03 9719685                   /home/martynas/phd/jdk/build/linux-x86_64-server-slowdebug/jdk/lib/libnio.so
7f62cccdd000-7f62ccce0000 r--p 00011000 103:03 9719685                   /home/martynas/phd/jdk/build/linux-x86_64-server-slowdebug/jdk/lib/libnio.so
7f62ccce0000-7f62ccce1000 r--p 00013000 103:03 9719685                   /home/martynas/phd/jdk/build/linux-x86_64-server-slowdebug/jdk/lib/libnio.so
7f62ccce1000-7f62ccce2000 rw-p 00014000 103:03 9719685                   /home/martynas/phd/jdk/build/linux-x86_64-server-slowdebug/jdk/lib/libnio.so
7f62ccce2000-7f62ccce6000 ---p 00000000 00:00 0 
7f62ccce6000-7f62ccde3000 rw-p 00000000 00:00 0 
7f62ccde3000-7f62ccde7000 ---p 00000000 00:00 0 
7f62ccde7000-7f62ccee4000 rw-p 00000000 00:00 0 
7f62ccee4000-7f62ccee8000 ---p 00000000 00:00 0 
7f62ccee8000-7f62ccfe5000 rw-p 00000000 00:00 0 
7f62ccfe5000-7f62ccfe9000 ---p 00000000 00:00 0 
7f62ccfe9000-7f62cd0e6000 rw-p 00000000 00:00 0 
7f62cd0e6000-7f62cd0ea000 ---p 00000000 00:00 0 
7f62cd0ea000-7f62cd1e7000 rw-p 00000000 00:00 0 
7f62cd1e7000-7f62cd1eb000 ---p 00000000 00:00 0 
7f62cd1eb000-7f62cd2e8000 rw-p 00000000 00:00 0 
7f62cd2e8000-7f62cd2e9000 ---p 00000000 00:00 0 
7f62cd2e9000-7f62cdcc7000 rw-p 00000000 00:00 0 
7f62cdcc7000-7f62cdd07000 ---p 00000000 00:00 0 
7f62cdd07000-7f62cdd54000 rw-p 00000000 00:00 0 
7f62cdd54000-7f62cddf4000 ---p 00000000 00:00 0 
7f62cddf4000-7f62cddfa000 rw-p 00000000 00:00 0 
7f62cddfa000-7f62cde49000 ---p 00000000 00:00 0 
7f62cde49000-7f62cde54000 rw-p 00000000 00:00 0 
7f62cde54000-7f62cdef4000 ---p 00000000 00:00 0 
7f62cdef4000-7f62cdefa000 rw-p 00000000 00:00 0 
7f62cdefa000-7f62ce0c7000 ---p 00000000 00:00 0 
7f62ce0c7000-7f62ce0cc000 rw-p 00000000 00:00 0 
7f62ce0cc000-7f62ce0d6000 ---p 00000000 00:00 0 
7f62ce0d6000-7f62ce0d8000 r--p 00000000 103:03 9719675                   /home/martynas/phd/jdk/build/linux-x86_64-server-slowdebug/jdk/lib/libzip.so
7f62ce0d8000-7f62ce0df000 r-xp 00002000 103:03 9719675                   /home/martynas/phd/jdk/build/linux-x86_64-server-slowdebug/jdk/lib/libzip.so
7f62ce0df000-7f62ce0e1000 r--p 00009000 103:03 9719675                   /home/martynas/phd/jdk/build/linux-x86_64-server-slowdebug/jdk/lib/libzip.so
7f62ce0e1000-7f62ce0e2000 r--p 0000a000 103:03 9719675                   /home/martynas/phd/jdk/build/linux-x86_64-server-slowdebug/jdk/lib/libzip.so
7f62ce0e2000-7f62ce0e3000 rw-p 0000b000 103:03 9719675                   /home/martynas/phd/jdk/build/linux-x86_64-server-slowdebug/jdk/lib/libzip.so
7f62ce0e3000-7f62ce0ef000 r--p 00000000 103:03 9719669                   /home/martynas/phd/jdk/build/linux-x86_64-server-slowdebug/jdk/lib/libjava.so
7f62ce0ef000-7f62ce10a000 r-xp 0000c000 103:03 9719669                   /home/martynas/phd/jdk/build/linux-x86_64-server-slowdebug/jdk/lib/libjava.so
7f62ce10a000-7f62ce111000 r--p 00027000 103:03 9719669                   /home/martynas/phd/jdk/build/linux-x86_64-server-slowdebug/jdk/lib/libjava.so
7f62ce111000-7f62ce112000 r--p 0002d000 103:03 9719669                   /home/martynas/phd/jdk/build/linux-x86_64-server-slowdebug/jdk/lib/libjava.so
7f62ce112000-7f62ce114000 rw-p 0002e000 103:03 9719669                   /home/martynas/phd/jdk/build/linux-x86_64-server-slowdebug/jdk/lib/libjava.so
7f62ce114000-7f62ce118000 ---p 00000000 00:00 0 
7f62ce118000-7f62ce215000 rw-p 00000000 00:00 0 
7f62ce215000-7f62ce224000 r--p 00000000 103:03 13897083                  /usr/lib/libm-2.31.so
7f62ce224000-7f62ce2c0000 r-xp 0000f000 103:03 13897083                  /usr/lib/libm-2.31.so
7f62ce2c0000-7f62ce359000 r--p 000ab000 103:03 13897083                  /usr/lib/libm-2.31.so
7f62ce359000-7f62ce35a000 r--p 00143000 103:03 13897083                  /usr/lib/libm-2.31.so
7f62ce35a000-7f62ce35b000 rw-p 00144000 103:03 13897083                  /usr/lib/libm-2.31.so
7f62ce35b000-7f62ce5e6000 r--p 00000000 103:03 13382542                  /home/martynas/phd/jdk/build/linux-x86_64-server-slowdebug/jdk/lib/server/libjvm.so
7f62ce5e6000-7f62cf615000 r-xp 0028b000 103:03 13382542                  /home/martynas/phd/jdk/build/linux-x86_64-server-slowdebug/jdk/lib/server/libjvm.so
7f62cf615000-7f62cffde000 r--p 012ba000 103:03 13382542                  /home/martynas/phd/jdk/build/linux-x86_64-server-slowdebug/jdk/lib/server/libjvm.so
7f62cffde000-7f62cffdf000 ---p 01c83000 103:03 13382542                  /home/martynas/phd/jdk/build/linux-x86_64-server-slowdebug/jdk/lib/server/libjvm.so
7f62cffdf000-7f62d00a9000 r--p 01c83000 103:03 13382542                  /home/martynas/phd/jdk/build/linux-x86_64-server-slowdebug/jdk/lib/server/libjvm.so
7f62d00a9000-7f62d00e6000 rw-p 01d4d000 103:03 13382542                  /home/martynas/phd/jdk/build/linux-x86_64-server-slowdebug/jdk/lib/server/libjvm.so
7f62d00e6000-7f62d01b7000 rw-p 00000000 00:00 0 
7f62d01b7000-7f62d01dc000 r--p 00000000 103:03 13897055                  /usr/lib/libc-2.31.so
7f62d01dc000-7f62d0328000 r-xp 00025000 103:03 13897055                  /usr/lib/libc-2.31.so
7f62d0328000-7f62d0373000 r--p 00171000 103:03 13897055                  /usr/lib/libc-2.31.so
7f62d0373000-7f62d0376000 r--p 001bb000 103:03 13897055                  /usr/lib/libc-2.31.so
7f62d0376000-7f62d0379000 rw-p 001be000 103:03 13897055                  /usr/lib/libc-2.31.so
7f62d0379000-7f62d037d000 rw-p 00000000 00:00 0 
7f62d037d000-7f62d037e000 r--p 00000000 103:03 13897070                  /usr/lib/libdl-2.31.so
7f62d037e000-7f62d037f000 r-xp 00001000 103:03 13897070                  /usr/lib/libdl-2.31.so
7f62d037f000-7f62d0380000 r--p 00002000 103:03 13897070                  /usr/lib/libdl-2.31.so
7f62d0380000-7f62d0381000 r--p 00002000 103:03 13897070                  /usr/lib/libdl-2.31.so
7f62d0381000-7f62d0382000 rw-p 00003000 103:03 13897070                  /usr/lib/libdl-2.31.so
7f62d0382000-7f62d0389000 r--p 00000000 103:03 13897128                  /usr/lib/libpthread-2.31.so
7f62d0389000-7f62d0399000 r-xp 00007000 103:03 13897128                  /usr/lib/libpthread-2.31.so
7f62d0399000-7f62d039e000 r--p 00017000 103:03 13897128                  /usr/lib/libpthread-2.31.so
7f62d039e000-7f62d039f000 r--p 0001b000 103:03 13897128                  /usr/lib/libpthread-2.31.so
7f62d039f000-7f62d03a0000 rw-p 0001c000 103:03 13897128                  /usr/lib/libpthread-2.31.so
7f62d03a0000-7f62d03a4000 rw-p 00000000 00:00 0 
7f62d03a4000-7f62d03a7000 r--p 00000000 103:03 9719665                   /home/martynas/phd/jdk/build/linux-x86_64-server-slowdebug/jdk/lib/libjli.so
7f62d03a7000-7f62d03b4000 r-xp 00003000 103:03 9719665                   /home/martynas/phd/jdk/build/linux-x86_64-server-slowdebug/jdk/lib/libjli.so
7f62d03b4000-7f62d03b8000 r--p 00010000 103:03 9719665                   /home/martynas/phd/jdk/build/linux-x86_64-server-slowdebug/jdk/lib/libjli.so
7f62d03b8000-7f62d03b9000 r--p 00013000 103:03 9719665                   /home/martynas/phd/jdk/build/linux-x86_64-server-slowdebug/jdk/lib/libjli.so
7f62d03b9000-7f62d03ba000 rw-p 00014000 103:03 9719665                   /home/martynas/phd/jdk/build/linux-x86_64-server-slowdebug/jdk/lib/libjli.so
7f62d03ba000-7f62d03bd000 r--p 00000000 103:03 13907913                  /usr/lib/libz.so.1.2.11
7f62d03bd000-7f62d03cb000 r-xp 00003000 103:03 13907913                  /usr/lib/libz.so.1.2.11
7f62d03cb000-7f62d03d1000 r--p 00011000 103:03 13907913                  /usr/lib/libz.so.1.2.11
7f62d03d1000-7f62d03d2000 ---p 00017000 103:03 13907913                  /usr/lib/libz.so.1.2.11
7f62d03d2000-7f62d03d3000 r--p 00017000 103:03 13907913                  /usr/lib/libz.so.1.2.11
7f62d03d3000-7f62d03d4000 rw-p 00018000 103:03 13907913                  /usr/lib/libz.so.1.2.11
7f62d03d4000-7f62d03d6000 rw-p 00000000 00:00 0 
7f62d03d7000-7f62d03df000 rw-s 00000000 00:2e 424522                     /tmp/hsperfdata_martynas/175078
7f62d03df000-7f62d03e2000 r--p 00000000 103:03 13897120                  /usr/lib/libnss_files-2.31.so
7f62d03e2000-7f62d03e9000 r-xp 00003000 103:03 13897120                  /usr/lib/libnss_files-2.31.so
7f62d03e9000-7f62d03eb000 r--p 0000a000 103:03 13897120                  /usr/lib/libnss_files-2.31.so
7f62d03eb000-7f62d03ec000 r--p 0000b000 103:03 13897120                  /usr/lib/libnss_files-2.31.so
7f62d03ec000-7f62d03ed000 rw-p 0000c000 103:03 13897120                  /usr/lib/libnss_files-2.31.so
7f62d03ed000-7f62d03f3000 rw-p 00000000 00:00 0 
7f62d03f3000-7f62d03f4000 ---p 00000000 00:00 0 
7f62d03f4000-7f62d03f5000 r--p 00000000 00:00 0 
7f62d03f5000-7f62d03f9000 r--p 00000000 103:03 9719679                   /home/martynas/phd/jdk/build/linux-x86_64-server-slowdebug/jdk/lib/libjimage.so
7f62d03f9000-7f62d040f000 r-xp 00004000 103:03 9719679                   /home/martynas/phd/jdk/build/linux-x86_64-server-slowdebug/jdk/lib/libjimage.so
7f62d040f000-7f62d0416000 r--p 0001a000 103:03 9719679                   /home/martynas/phd/jdk/build/linux-x86_64-server-slowdebug/jdk/lib/libjimage.so
7f62d0416000-7f62d0417000 ---p 00021000 103:03 9719679                   /home/martynas/phd/jdk/build/linux-x86_64-server-slowdebug/jdk/lib/libjimage.so
7f62d0417000-7f62d0419000 r--p 00021000 103:03 9719679                   /home/martynas/phd/jdk/build/linux-x86_64-server-slowdebug/jdk/lib/libjimage.so
7f62d0419000-7f62d041a000 rw-p 00023000 103:03 9719679                   /home/martynas/phd/jdk/build/linux-x86_64-server-slowdebug/jdk/lib/libjimage.so
7f62d041a000-7f62d041c000 r--p 00000000 103:03 13897036                  /usr/lib/ld-2.31.so
7f62d041c000-7f62d043c000 r-xp 00002000 103:03 13897036                  /usr/lib/ld-2.31.so
7f62d043c000-7f62d0444000 r--p 00022000 103:03 13897036                  /usr/lib/ld-2.31.so
7f62d0444000-7f62d0445000 rwxp 00000000 00:00 0 
7f62d0445000-7f62d0446000 r--p 0002a000 103:03 13897036                  /usr/lib/ld-2.31.so
7f62d0446000-7f62d0447000 rw-p 0002b000 103:03 13897036                  /usr/lib/ld-2.31.so
7f62d0447000-7f62d0448000 rw-p 00000000 00:00 0 
7ffdb33cc000-7ffdb33ee000 rw-p 00000000 00:00 0                          [stack]
7ffdb33f0000-7ffdb33f3000 r--p 00000000 00:00 0                          [vvar]
7ffdb33f3000-7ffdb33f4000 r-xp 00000000 00:00 0                          [vdso]
ffffffffff600000-ffffffffff601000 --xp 00000000 00:00 0                  [vsyscall]


VM Arguments:
jvm_args: -Dapplication.home=/home/martynas/phd/jdk/build/linux-x86_64-server-slowdebug/jdk -Xms8m -XX:+UseSerialGC -Xms32M -Xmx512M -XX:TieredStopAtLevel=1 -Djdk.module.main=jdk.jlink 
java_command: jdk.jlink/jdk.tools.jmod.Main create --module-version 15-internal --target-platform linux-amd64 --module-path /home/martynas/phd/jdk/build/linux-x86_64-server-slowdebug/images/jmods --libs /home/martynas/phd/jdk/build/linux-x86_64-server-slowdebug/support/modules_libs/java.base --cmds /home/martynas/phd/jdk/build/linux-x86_64-server-slowdebug/support/modules_cmds/java.base --config /home/martynas/phd/jdk/build/linux-x86_64-server-slowdebug/support/modules_conf/java.base --class-path /home/martynas/phd/jdk/build/linux-x86_64-server-slowdebug/jdk/modules/java.base --header-files /home/martynas/phd/jdk/build/linux-x86_64-server-slowdebug/support/modules_include/java.base --man-pages /home/martynas/phd/jdk/build/linux-x86_64-server-slowdebug/support/modules_man/java.base --legal-notices /home/martynas/phd/jdk/build/linux-x86_64-server-slowdebug/support/modules_legal/common:/home/martynas/phd/jdk/build/linux-x86_64-server-slowdebug/support/modules_legal/java.base --module-path /home/martynas/phd/jdk/build/linux-x86_64-server-slowdebug/images/jmods --hash-modules ^(?!java.compiler$|jdk.aot$|jdk.internal.vm.compiler$|jdk.internal.vm.compiler.management$) --exclude **{_the.*,_*.marker,*.diz,*.debuginfo,*.dSYM/**,*.dSYM} /home/martynas/phd/jdk/build/linux-x86_64-server-slowdebug/support/images/jmods/java.base.jmod
java_class_path (initial): <not set>
Launcher Type: SUN_STANDARD

[Global flags]
     intx CICompilerCount                          = 4                                         {product} {ergonomic}     Number of compiler threads to run
   size_t InitialHeapSize                          = 33554432                                  {product} {command line}  Initial heap size (in bytes); zero means use ergonomics
   size_t MaxHeapSize                              = 536870912                                 {product} {command line}  Maximum heap size (in bytes)
   size_t MaxNewSize                               = 178913280                                 {product} {ergonomic}     Maximum new generation size (in bytes), max_uintx means set ergonomically
   size_t MinHeapDeltaBytes                        = 196608                                    {product} {ergonomic}     The minimum change in heap space due to GC (in bytes)
   size_t MinHeapSize                              = 33554432                                  {product} {command line}  Minimum heap size (in bytes); zero means use ergonomics
   size_t NewSize                                  = 11141120                                  {product} {ergonomic}     Initial new generation size (in bytes)
    uintx NonNMethodCodeHeapSize                   = 7549744                                {pd product} {ergonomic}     Size of code heap with non-nmethods (in bytes)
    uintx NonProfiledCodeHeapSize                  = 244108496                              {pd product} {ergonomic}     Size of code heap with non-profiled methods (in bytes)
   size_t OldSize                                  = 22413312                                  {product} {ergonomic}     Initial tenured generation size (in bytes)
    uintx ProfiledCodeHeapSize                     = 0                                      {pd product} {ergonomic}     Size of code heap with profiled methods (in bytes)
    uintx ReservedCodeCacheSize                    = 251658240                              {pd product} {ergonomic}     Reserved code cache size (in bytes) - maximum code cache size
     bool SegmentedCodeCache                       = true                                      {product} {ergonomic}     Use a segmented code cache
   size_t SoftMaxHeapSize                          = 536870912                              {manageable} {ergonomic}     Soft limit for maximum heap size (in bytes)
     intx TieredStopAtLevel                        = 1                                         {product} {command line}  Stop at given compilation level
     bool UseCompressedClassPointers               = true                                 {lp64_product} {ergonomic}     Use 32-bit class pointers in 64-bit VM. lp64_product means flag is always constant in 32 bit VM
     bool UseCompressedOops                        = true                                 {lp64_product} {ergonomic}     Use 32-bit object references in 64-bit VM. lp64_product means flag is always constant in 32 bit VM
     bool UseSerialGC                              = true                                      {product} {command line}  Use the Serial garbage collector

Logging:
Log output configuration:
 #0: stdout all=warning uptime,level,tags
 #1: stderr all=off uptime,level,tags

Environment Variables:
PATH=/usr/local/sbin:/usr/local/bin:/usr/bin:/usr/lib/jvm/default/bin:/usr/bin/site_perl:/usr/bin/vendor_perl:/usr/bin/core_perl:/home/martynas/.gem/ruby/2.6.0/bin:/home/martynas/phd/mx:/home/martynas/.local/bin
SHELL=/bin/bash
DISPLAY=:0

Signal Handlers:
SIGSEGV: [libjvm.so+0x11eeb71], sa_mask[0]=11111111011111111101111111111110, sa_flags=SA_RESTART|SA_SIGINFO
SIGBUS: [libjvm.so+0x11eeb71], sa_mask[0]=11111111011111111101111111111110, sa_flags=SA_RESTART|SA_SIGINFO
SIGFPE: [libjvm.so+0x11eeb71], sa_mask[0]=11111111011111111101111111111110, sa_flags=SA_RESTART|SA_SIGINFO
SIGPIPE: [libjvm.so+0xebc7e9], sa_mask[0]=11111111011111111101111111111110, sa_flags=SA_RESTART|SA_SIGINFO
SIGXFSZ: [libjvm.so+0xebc7e9], sa_mask[0]=11111111011111111101111111111110, sa_flags=SA_RESTART|SA_SIGINFO
SIGILL: [libjvm.so+0x11eeb71], sa_mask[0]=11111111011111111101111111111110, sa_flags=SA_RESTART|SA_SIGINFO
SIGUSR2: [libjvm.so+0xebc007], sa_mask[0]=00000000000000000000000000000000, sa_flags=SA_RESTART|SA_SIGINFO
SIGHUP: [libjvm.so+0xeb8088], sa_mask[0]=11111111011111111101111111111110, sa_flags=SA_RESTART|SA_SIGINFO
SIGINT: [libjvm.so+0xeb8088], sa_mask[0]=11111111011111111101111111111110, sa_flags=SA_RESTART|SA_SIGINFO
SIGTERM: [libjvm.so+0xeb8088], sa_mask[0]=11111111011111111101111111111110, sa_flags=SA_RESTART|SA_SIGINFO
SIGQUIT: [libjvm.so+0xeb8088], sa_mask[0]=11111111011111111101111111111110, sa_flags=SA_RESTART|SA_SIGINFO


---------------  S Y S T E M  ---------------

OS:LSB_VERSION=1.4
DISTRIB_ID=Arch
DISTRIB_RELEASE=rolling
DISTRIB_DESCRIPTION="Arch Linux"
uname:Linux alpha 5.4.19-1-lts #1 SMP Tue, 11 Feb 2020 15:35:50 +0000 x86_64
OS uptime: 0 days 6:35 hours
libc:glibc 2.31 NPTL 2.31 
rlimit: STACK 8192k, CORE infinity, NPROC 95134, NOFILE 524288, AS infinity, CPU infinity, DATA infinity, FSIZE infinity
load average:2.21 2.68 3.68

/proc/meminfo:
MemTotal:       24369164 kB
MemFree:         9431688 kB
MemAvailable:   17642016 kB
Buffers:          618496 kB
Cached:          8034280 kB
SwapCached:            0 kB
Active:         10113232 kB
Inactive:        2823152 kB
Active(anon):    4836520 kB
Inactive(anon):   371960 kB
Active(file):    5276712 kB
Inactive(file):  2451192 kB
Unevictable:      759876 kB
Mlocked:              32 kB
SwapTotal:       2097148 kB
SwapFree:        2097148 kB
Dirty:            118212 kB
Writeback:             0 kB
AnonPages:       5043640 kB
Mapped:           886564 kB
Shmem:           1143172 kB
KReclaimable:     886724 kB
Slab:            1048736 kB
SReclaimable:     886724 kB
SUnreclaim:       162012 kB
KernelStack:       14032 kB
PageTables:        57312 kB
NFS_Unstable:          0 kB
Bounce:                0 kB
WritebackTmp:          0 kB
CommitLimit:    14281728 kB
Committed_AS:   12176024 kB
VmallocTotal:   34359738367 kB
VmallocUsed:       33388 kB
VmallocChunk:          0 kB
Percpu:             4160 kB
HardwareCorrupted:     0 kB
AnonHugePages:         0 kB
ShmemHugePages:        0 kB
ShmemPmdMapped:        0 kB
FileHugePages:         0 kB
FilePmdMapped:         0 kB
HugePages_Total:       0
HugePages_Free:        0
HugePages_Rsvd:        0
HugePages_Surp:        0
Hugepagesize:       2048 kB
Hugetlb:               0 kB
DirectMap4k:      332856 kB
DirectMap2M:    16179200 kB
DirectMap1G:     9437184 kB


/proc/sys/kernel/threads-max (system-wide limit on the number of threads):
190268


/proc/sys/vm/max_map_count (maximum number of memory map areas a process may have):
65530


/proc/sys/kernel/pid_max (system-wide limit on number of process identifiers):
4194304



container (cgroup) information:
container_type: cgroupv1
cpu_cpuset_cpus: 0-7
cpu_memory_nodes: 0
active_processor_count: 8
cpu_quota: no quota
cpu_period: 100000
cpu_shares: no shares
memory_limit_in_bytes: unlimited
memory_and_swap_limit_in_bytes: unlimited
memory_soft_limit_in_bytes: unlimited
memory_usage_in_bytes: 14584594432
memory_max_usage_in_bytes: 17707831296

Steal ticks since vm start: 0
Steal ticks percentage since vm start:  0.000

CPU:total 8 (initial active 8) (4 cores per cpu, 2 threads per core) family 6 model 142 stepping 10, cmov, cx8, fxsr, mmx, sse, sse2, sse3, ssse3, sse4.1, sse4.2, popcnt, avx, avx2, aes, clmul, erms, rtm, 3dnowpref, lzcnt, ht, tsc, tscinvbit, bmi1, bmi2, adx, fma
CPU Model and flags from /proc/cpuinfo:
model name	: Intel(R) Core(TM) i5-8350U CPU @ 1.70GHz
flags		: fpu vme de pse tsc msr pae mce cx8 apic sep mtrr pge mca cmov pat pse36 clflush dts acpi mmx fxsr sse sse2 ss ht tm pbe syscall nx pdpe1gb rdtscp lm constant_tsc art arch_perfmon pebs bts rep_good nopl xtopology nonstop_tsc cpuid aperfmperf pni pclmulqdq dtes64 monitor ds_cpl vmx smx est tm2 ssse3 sdbg fma cx16 xtpr pdcm pcid sse4_1 sse4_2 x2apic movbe popcnt tsc_deadline_timer aes xsave avx f16c rdrand lahf_lm abm 3dnowprefetch cpuid_fault epb invpcid_single pti ssbd ibrs ibpb stibp tpr_shadow vnmi flexpriority ept vpid ept_ad fsgsbase tsc_adjust bmi1 hle avx2 smep bmi2 erms invpcid rtm mpx rdseed adx smap clflushopt intel_pt xsaveopt xsavec xgetbv1 xsaves dtherm ida arat pln pts hwp hwp_notify hwp_act_window hwp_epp md_clear flush_l1d

Memory: 4k page, physical 24369164k(9431688k free), swap 2097148k(2097148k free)

vm_info: OpenJDK 64-Bit Server VM (slowdebug 15-internal+0-adhoc.martynas.jdk) for linux-amd64 JRE (15-internal+0-adhoc.martynas.jdk), built on Mar 16 2020 17:24:43 by "martynas" with gcc 9.2.1 20200130

END.
