#
# A fatal error has been detected by the Java Runtime Environment:
#
#  Internal Error (src/hotspot/share/classfile/vmSymbols.cpp:155), pid=618652, tid=618668
#  assert(sid == (SID)index) failed: symbol index works
#
# JRE version:  (15.0) (slowdebug build )
# Java VM: OpenJDK 64-Bit Server VM (slowdebug 15-internal+0-adhoc.martynas.jdk, mixed mode, tiered, compressed oops, serial gc, linux-amd64)
# Problematic frame:
# V  [libjvm.so+0x1216971]  vmSymbols::initialize(Thread*)+0x5df
#
# Core dump will be written. Default location: Core dumps may be processed with "/usr/lib/systemd/systemd-coredump %P %u %g %s %t %c %h" (or dumping to /home/martynas/phd/jdk/make/core.618652)
#
#

---------------  S U M M A R Y ------------

Command Line: -Dapplication.home=/home/martynas/phd/jdk/build/linux-x86_64-server-slowdebug/jdk -Xms8m -XX:+UseSerialGC -Xms32M -Xmx512M -XX:TieredStopAtLevel=1 -Djdk.module.main=jdk.jlink jdk.jlink/jdk.tools.jmod.Main create --module-version 15-internal --target-platform linux-amd64 --module-path /home/martynas/phd/jdk/build/linux-x86_64-server-slowdebug/images/jmods --libs /home/martynas/phd/jdk/build/linux-x86_64-server-slowdebug/support/modules_libs/jdk.compiler --cmds /home/martynas/phd/jdk/build/linux-x86_64-server-slowdebug/support/modules_cmds/jdk.compiler --class-path /home/martynas/phd/jdk/build/linux-x86_64-server-slowdebug/jdk/modules/jdk.compiler --man-pages /home/martynas/phd/jdk/build/linux-x86_64-server-slowdebug/support/modules_man/jdk.compiler --legal-notices /home/martynas/phd/jdk/build/linux-x86_64-server-slowdebug/support/modules_legal/common --exclude **{_the.*,_*.marker,*.diz,*.debuginfo,*.dSYM/**,*.dSYM} /home/martynas/phd/jdk/build/linux-x86_64-server-slowdebug/support/images/jmods/jdk.compiler.jmod

Host: alpha, Intel(R) Core(TM) i5-8350U CPU @ 1.70GHz, 8 cores, 23G, Arch Linux
Time: Tue Mar 17 19:28:15 2020 GMT elapsed time: 0 seconds (0d 0h 0m 0s)

---------------  T H R E A D  ---------------

Current thread (0x00007f00ac032800):  JavaThread "Unknown thread" [_thread_in_vm, id=618668, stack(0x00007f00b3644000,0x00007f00b3745000)]

Stack: [0x00007f00b3644000,0x00007f00b3745000],  sp=0x00007f00b3743930,  free space=1022k
Native frames: (J=compiled Java code, A=aot compiled Java code, j=interpreted, Vv=VM code, C=native code)
V  [libjvm.so+0x1216971]  vmSymbols::initialize(Thread*)+0x5df
V  [libjvm.so+0x119b76a]  Universe::genesis(Thread*)+0x298
V  [libjvm.so+0x119d74b]  universe2_init()+0x2f
V  [libjvm.so+0x9ad9aa]  init_globals()+0x7b
V  [libjvm.so+0x116c093]  Threads::create_vm(JavaVMInitArgs*, bool*)+0x353
V  [libjvm.so+0xab0753]  JNI_CreateJavaVM_inner(JavaVM_**, void**, void*)+0xda
V  [libjvm.so+0xab0a4a]  JNI_CreateJavaVM+0x32
C  [libjli.so+0x827c]  InitializeJVM+0x13e
C  [libjli.so+0x4e66]  JavaMain+0xc6
C  [libjli.so+0xc8f7]  ThreadJavaMain+0x27

Registers:
RAX=0x00007f00b5974000, RBX=0x00007f00b299b0f0, RCX=0x0000000000001c20, RDX=0x00007f00b29a1b88
RSP=0x00007f00b3743930, RBP=0x00007f00b37439f0, RSI=0x00007f00b29a1b88, RDI=0x0000000000000384
R8 =0x000055cc825609a0, R9 =0x000055cc825609a0, R10=0x00007f00ac08d000, R11=0x0000000000000010
R12=0x00007f00b5078a23, R13=0x00007ffdbaefca0f, R14=0x00007f00b3743fc0, R15=0x00007f00b3744700
RIP=0x00007f00b4aa1971, EFLAGS=0x0000000000010202, CSGSFS=0x002b000000000033, ERR=0x0000000000000006
  TRAPNO=0x000000000000000e

Top of Stack: (sp=0x00007f00b3743930)
0x00007f00b3743930:   0000000000000000 00007f00ac032800
0x00007f00b3743940:   000004000000000f 000003ff00000400
0x00007f00b3743950:   0000038500000400 00000384000003ff
0x00007f00b3743960:   00007f00b507f387 00007f00b29a2ef8 

Instructions: (pc=0x00007f00b4aa1971)
0x00007f00b4aa1871:   48 89 c7 e8 27 b7 23 ff 48 89 c7 e8 b5 03 00 00
0x00007f00b4aa1881:   39 85 6c ff ff ff 0f 95 c0 84 c0 74 36 48 8d 05
0x00007f00b4aa1891:   fb b9 b3 00 48 8b 00 c6 00 58 48 8d 0d 21 dc 5d
0x00007f00b4aa18a1:   00 48 8d 15 9f dc 5d 00 be 94 00 00 00 48 8d 3d
0x00007f00b4aa18b1:   0b db 5d 00 b8 00 00 00 00 e8 7f 6f 51 ff e8 d4
0x00007f00b4aa18c1:   ce c9 ff 8b 85 6c ff ff ff 89 c7 e8 97 76 3b ff
0x00007f00b4aa18d1:   48 89 c3 48 8d 45 a0 48 89 c7 e8 c0 b6 23 ff 48
0x00007f00b4aa18e1:   39 c3 0f 95 c0 84 c0 74 36 48 8d 05 9f b9 b3 00
0x00007f00b4aa18f1:   48 8b 00 c6 00 58 48 8d 0d c5 db 5d 00 48 8d 15
0x00007f00b4aa1901:   6b dc 5d 00 be 95 00 00 00 48 8d 3d af da 5d 00
0x00007f00b4aa1911:   b8 00 00 00 00 e8 23 6f 51 ff e8 78 ce c9 ff c7
0x00007f00b4aa1921:   85 64 ff ff ff 01 00 00 00 81 bd 64 ff ff ff ff
0x00007f00b4aa1931:   03 00 00 7f 70 8b 85 64 ff ff ff 89 c7 e8 25 76
0x00007f00b4aa1941:   3b ff 48 89 45 98 48 8b 45 98 48 89 c7 e8 e3 02
0x00007f00b4aa1951:   00 00 89 85 6c ff ff ff 8b 85 6c ff ff ff 39 85
0x00007f00b4aa1961:   64 ff ff ff 74 36 48 8d 05 22 b9 b3 00 48 8b 00
0x00007f00b4aa1971:   c6 00 58 48 8d 0d 1a dc 5d 00 48 8d 15 26 dc 5d
0x00007f00b4aa1981:   00 be 9b 00 00 00 48 8d 3d 32 da 5d 00 b8 00 00
0x00007f00b4aa1991:   00 00 e8 a6 6e 51 ff e8 fb cd c9 ff 83 85 64 ff
0x00007f00b4aa19a1:   ff ff 01 eb 84 48 8d 05 1c dc 5d 00 48 89 45 90
0x00007f00b4aa19b1:   48 8b 45 90 48 89 c7 e8 69 74 ef ff 48 89 c2 48
0x00007f00b4aa19c1:   8d 45 b0 48 89 d6 48 89 c7 e8 3f b5 23 ff 48 8d
0x00007f00b4aa19d1:   45 b0 48 89 c7 e8 c5 b5 23 ff 48 89 c7 e8 53 02
0x00007f00b4aa19e1:   00 00 89 85 6c ff ff ff 83 bd 6c ff ff ff 00 74
0x00007f00b4aa19f1:   36 48 8d 05 97 b8 b3 00 48 8b 00 c6 00 58 48 8d
0x00007f00b4aa1a01:   0d ca db 5d 00 48 8d 15 e6 db 5d 00 be a5 00 00
0x00007f00b4aa1a11:   00 48 8d 3d a7 d9 5d 00 b8 00 00 00 00 e8 1b 6e
0x00007f00b4aa1a21:   51 ff e8 70 cd c9 ff 48 8d 45 b0 48 89 c7 e8 14
0x00007f00b4aa1a31:   b5 23 ff 48 8d 45 a0 48 89 c7 e8 08 b5 23 ff 90
0x00007f00b4aa1a41:   48 81 c4 b0 00 00 00 5b 41 5c 5d c3 90 55 48 89
0x00007f00b4aa1a51:   e5 48 83 ec 20 89 7d ec 83 7d ec 00 75 09 48 8d
0x00007f00b4aa1a61:   05 aa db 5d 00 eb 4b 48 8b 05 11 30 b7 00 48 89 



---------------  P R O C E S S  ---------------

uid  : 1000 euid : 1000 gid  : 1000 egid : 1000

umask: 0022 (----w--w-)

Threads class SMR info:
_java_thread_list=0x00007f00b56d7a40, length=0, elements={
}
_java_thread_list_alloc_cnt=1, _java_thread_list_free_cnt=0, _java_thread_list_max=0, _nested_thread_list_max=0
_delete_lock_wait_cnt=0, _delete_lock_wait_max=0
_to_delete_list_cnt=0, _to_delete_list_max=0

Java Threads: ( => current thread )

Other Threads:

=>0x00007f00ac032800 (exited) JavaThread "Unknown thread" [_thread_in_vm, id=618668, stack(0x00007f00b3644000,0x00007f00b3745000)]

Threads with active compile tasks:

VM state:not at safepoint (not fully initialized)

VM Mutex/Monitor currently owned by a thread: None

Heap address: 0x00000000e0000000, size: 512 MB, Compressed Oops mode: 32-bit
Narrow klass base: 0x0000000000000000, Narrow klass shift: 3
Compressed class space size: 1073741824 Address: 0x0000000100000000

GC Heap History (0 events):
No events

Deoptimization events (0 events):
No events

Classes unloaded (0 events):
No events

Classes redefined (0 events):
No events

Internal exceptions (0 events):
No events

Events (4 events):
Event: 0.002 Protecting memory [0x00007f00b3644000,0x00007f00b3648000] with protection modes 0
Event: 0.003 Loaded shared library /home/martynas/phd/jdk/build/linux-x86_64-server-slowdebug/jdk/lib/libjava.so
Event: 0.003 Loaded shared library /home/martynas/phd/jdk/build/linux-x86_64-server-slowdebug/jdk/lib/libzip.so
Event: 0.073 Protecting memory [0x00007f00b5974000,0x00007f00b5975000] with protection modes 7


Dynamic libraries:
e0000000-e0aa0000 rw-p 00000000 00:00 0 
e0aa0000-eaaa0000 ---p 00000000 00:00 0 
eaaa0000-ec000000 rw-p 00000000 00:00 0 
ec000000-100000000 ---p 00000000 00:00 0 
100000000-100060000 rw-p 00000000 00:00 0 
100060000-140000000 ---p 00000000 00:00 0 
55cc824b9000-55cc824ba000 r--p 00000000 103:03 2763400                   /home/martynas/phd/jdk/build/linux-x86_64-server-slowdebug/jdk/bin/jmod
55cc824ba000-55cc824bb000 r-xp 00001000 103:03 2763400                   /home/martynas/phd/jdk/build/linux-x86_64-server-slowdebug/jdk/bin/jmod
55cc824bb000-55cc824bc000 r--p 00002000 103:03 2763400                   /home/martynas/phd/jdk/build/linux-x86_64-server-slowdebug/jdk/bin/jmod
55cc824bc000-55cc824bd000 r--p 00002000 103:03 2763400                   /home/martynas/phd/jdk/build/linux-x86_64-server-slowdebug/jdk/bin/jmod
55cc824bd000-55cc824be000 rw-p 00003000 103:03 2763400                   /home/martynas/phd/jdk/build/linux-x86_64-server-slowdebug/jdk/bin/jmod
55cc82546000-55cc82567000 rw-p 00000000 00:00 0                          [heap]
7f009d000000-7f009d270000 rwxp 00000000 00:00 0 
7f009d270000-7f009d734000 ---p 00000000 00:00 0 
7f009d734000-7f009d9a4000 rwxp 00000000 00:00 0 
7f009d9a4000-7f00ac000000 ---p 00000000 00:00 0 
7f00ac000000-7f00ac099000 rw-p 00000000 00:00 0 
7f00ac099000-7f00b0000000 ---p 00000000 00:00 0 
7f00b1a97000-7f00b2e37000 rw-p 00000000 00:00 0 
7f00b2e37000-7f00b3237000 ---p 00000000 00:00 0 
7f00b3237000-7f00b3284000 rw-p 00000000 00:00 0 
7f00b3284000-7f00b3324000 ---p 00000000 00:00 0 
7f00b3324000-7f00b332a000 rw-p 00000000 00:00 0 
7f00b332a000-7f00b3379000 ---p 00000000 00:00 0 
7f00b3379000-7f00b3384000 rw-p 00000000 00:00 0 
7f00b3384000-7f00b3424000 ---p 00000000 00:00 0 
7f00b3424000-7f00b342a000 rw-p 00000000 00:00 0 
7f00b342a000-7f00b35f7000 ---p 00000000 00:00 0 
7f00b35f7000-7f00b35fc000 rw-p 00000000 00:00 0 
7f00b35fc000-7f00b3606000 ---p 00000000 00:00 0 
7f00b3606000-7f00b3608000 r--p 00000000 103:03 9721328                   /home/martynas/phd/jdk/build/linux-x86_64-server-slowdebug/jdk/lib/libzip.so
7f00b3608000-7f00b360f000 r-xp 00002000 103:03 9721328                   /home/martynas/phd/jdk/build/linux-x86_64-server-slowdebug/jdk/lib/libzip.so
7f00b360f000-7f00b3611000 r--p 00009000 103:03 9721328                   /home/martynas/phd/jdk/build/linux-x86_64-server-slowdebug/jdk/lib/libzip.so
7f00b3611000-7f00b3612000 r--p 0000a000 103:03 9721328                   /home/martynas/phd/jdk/build/linux-x86_64-server-slowdebug/jdk/lib/libzip.so
7f00b3612000-7f00b3613000 rw-p 0000b000 103:03 9721328                   /home/martynas/phd/jdk/build/linux-x86_64-server-slowdebug/jdk/lib/libzip.so
7f00b3613000-7f00b361f000 r--p 00000000 103:03 9721322                   /home/martynas/phd/jdk/build/linux-x86_64-server-slowdebug/jdk/lib/libjava.so
7f00b361f000-7f00b363a000 r-xp 0000c000 103:03 9721322                   /home/martynas/phd/jdk/build/linux-x86_64-server-slowdebug/jdk/lib/libjava.so
7f00b363a000-7f00b3641000 r--p 00027000 103:03 9721322                   /home/martynas/phd/jdk/build/linux-x86_64-server-slowdebug/jdk/lib/libjava.so
7f00b3641000-7f00b3642000 r--p 0002d000 103:03 9721322                   /home/martynas/phd/jdk/build/linux-x86_64-server-slowdebug/jdk/lib/libjava.so
7f00b3642000-7f00b3644000 rw-p 0002e000 103:03 9721322                   /home/martynas/phd/jdk/build/linux-x86_64-server-slowdebug/jdk/lib/libjava.so
7f00b3644000-7f00b3648000 ---p 00000000 00:00 0 
7f00b3648000-7f00b3745000 rw-p 00000000 00:00 0 
7f00b3745000-7f00b3754000 r--p 00000000 103:03 13897083                  /usr/lib/libm-2.31.so
7f00b3754000-7f00b37f0000 r-xp 0000f000 103:03 13897083                  /usr/lib/libm-2.31.so
7f00b37f0000-7f00b3889000 r--p 000ab000 103:03 13897083                  /usr/lib/libm-2.31.so
7f00b3889000-7f00b388a000 r--p 00143000 103:03 13897083                  /usr/lib/libm-2.31.so
7f00b388a000-7f00b388b000 rw-p 00144000 103:03 13897083                  /usr/lib/libm-2.31.so
7f00b388b000-7f00b3b16000 r--p 00000000 103:03 13385048                  /home/martynas/phd/jdk/build/linux-x86_64-server-slowdebug/jdk/lib/server/libjvm.so
7f00b3b16000-7f00b4b45000 r-xp 0028b000 103:03 13385048                  /home/martynas/phd/jdk/build/linux-x86_64-server-slowdebug/jdk/lib/server/libjvm.so
7f00b4b45000-7f00b550e000 r--p 012ba000 103:03 13385048                  /home/martynas/phd/jdk/build/linux-x86_64-server-slowdebug/jdk/lib/server/libjvm.so
7f00b550e000-7f00b550f000 ---p 01c83000 103:03 13385048                  /home/martynas/phd/jdk/build/linux-x86_64-server-slowdebug/jdk/lib/server/libjvm.so
7f00b550f000-7f00b55d9000 r--p 01c83000 103:03 13385048                  /home/martynas/phd/jdk/build/linux-x86_64-server-slowdebug/jdk/lib/server/libjvm.so
7f00b55d9000-7f00b5616000 rw-p 01d4d000 103:03 13385048                  /home/martynas/phd/jdk/build/linux-x86_64-server-slowdebug/jdk/lib/server/libjvm.so
7f00b5616000-7f00b56e7000 rw-p 00000000 00:00 0 
7f00b56e7000-7f00b570c000 r--p 00000000 103:03 13897055                  /usr/lib/libc-2.31.so
7f00b570c000-7f00b5858000 r-xp 00025000 103:03 13897055                  /usr/lib/libc-2.31.so
7f00b5858000-7f00b58a3000 r--p 00171000 103:03 13897055                  /usr/lib/libc-2.31.so
7f00b58a3000-7f00b58a6000 r--p 001bb000 103:03 13897055                  /usr/lib/libc-2.31.so
7f00b58a6000-7f00b58a9000 rw-p 001be000 103:03 13897055                  /usr/lib/libc-2.31.so
7f00b58a9000-7f00b58ad000 rw-p 00000000 00:00 0 
7f00b58ad000-7f00b58ae000 r--p 00000000 103:03 13897070                  /usr/lib/libdl-2.31.so
7f00b58ae000-7f00b58af000 r-xp 00001000 103:03 13897070                  /usr/lib/libdl-2.31.so
7f00b58af000-7f00b58b0000 r--p 00002000 103:03 13897070                  /usr/lib/libdl-2.31.so
7f00b58b0000-7f00b58b1000 r--p 00002000 103:03 13897070                  /usr/lib/libdl-2.31.so
7f00b58b1000-7f00b58b2000 rw-p 00003000 103:03 13897070                  /usr/lib/libdl-2.31.so
7f00b58b2000-7f00b58b9000 r--p 00000000 103:03 13897128                  /usr/lib/libpthread-2.31.so
7f00b58b9000-7f00b58c9000 r-xp 00007000 103:03 13897128                  /usr/lib/libpthread-2.31.so
7f00b58c9000-7f00b58ce000 r--p 00017000 103:03 13897128                  /usr/lib/libpthread-2.31.so
7f00b58ce000-7f00b58cf000 r--p 0001b000 103:03 13897128                  /usr/lib/libpthread-2.31.so
7f00b58cf000-7f00b58d0000 rw-p 0001c000 103:03 13897128                  /usr/lib/libpthread-2.31.so
7f00b58d0000-7f00b58d4000 rw-p 00000000 00:00 0 
7f00b58d4000-7f00b58d7000 r--p 00000000 103:03 9721317                   /home/martynas/phd/jdk/build/linux-x86_64-server-slowdebug/jdk/lib/libjli.so
7f00b58d7000-7f00b58e4000 r-xp 00003000 103:03 9721317                   /home/martynas/phd/jdk/build/linux-x86_64-server-slowdebug/jdk/lib/libjli.so
7f00b58e4000-7f00b58e8000 r--p 00010000 103:03 9721317                   /home/martynas/phd/jdk/build/linux-x86_64-server-slowdebug/jdk/lib/libjli.so
7f00b58e8000-7f00b58e9000 r--p 00013000 103:03 9721317                   /home/martynas/phd/jdk/build/linux-x86_64-server-slowdebug/jdk/lib/libjli.so
7f00b58e9000-7f00b58ea000 rw-p 00014000 103:03 9721317                   /home/martynas/phd/jdk/build/linux-x86_64-server-slowdebug/jdk/lib/libjli.so
7f00b58ea000-7f00b58ed000 r--p 00000000 103:03 13907913                  /usr/lib/libz.so.1.2.11
7f00b58ed000-7f00b58fb000 r-xp 00003000 103:03 13907913                  /usr/lib/libz.so.1.2.11
7f00b58fb000-7f00b5901000 r--p 00011000 103:03 13907913                  /usr/lib/libz.so.1.2.11
7f00b5901000-7f00b5902000 ---p 00017000 103:03 13907913                  /usr/lib/libz.so.1.2.11
7f00b5902000-7f00b5903000 r--p 00017000 103:03 13907913                  /usr/lib/libz.so.1.2.11
7f00b5903000-7f00b5904000 rw-p 00018000 103:03 13907913                  /usr/lib/libz.so.1.2.11
7f00b5904000-7f00b5906000 rw-p 00000000 00:00 0 
7f00b5907000-7f00b590f000 rw-s 00000000 00:2e 2449041                    /tmp/hsperfdata_martynas/618652
7f00b590f000-7f00b5912000 r--p 00000000 103:03 13897120                  /usr/lib/libnss_files-2.31.so
7f00b5912000-7f00b5919000 r-xp 00003000 103:03 13897120                  /usr/lib/libnss_files-2.31.so
7f00b5919000-7f00b591b000 r--p 0000a000 103:03 13897120                  /usr/lib/libnss_files-2.31.so
7f00b591b000-7f00b591c000 r--p 0000b000 103:03 13897120                  /usr/lib/libnss_files-2.31.so
7f00b591c000-7f00b591d000 rw-p 0000c000 103:03 13897120                  /usr/lib/libnss_files-2.31.so
7f00b591d000-7f00b5923000 rw-p 00000000 00:00 0 
7f00b5923000-7f00b5924000 ---p 00000000 00:00 0 
7f00b5924000-7f00b5925000 r--p 00000000 00:00 0 
7f00b5925000-7f00b5929000 r--p 00000000 103:03 9721335                   /home/martynas/phd/jdk/build/linux-x86_64-server-slowdebug/jdk/lib/libjimage.so
7f00b5929000-7f00b593f000 r-xp 00004000 103:03 9721335                   /home/martynas/phd/jdk/build/linux-x86_64-server-slowdebug/jdk/lib/libjimage.so
7f00b593f000-7f00b5946000 r--p 0001a000 103:03 9721335                   /home/martynas/phd/jdk/build/linux-x86_64-server-slowdebug/jdk/lib/libjimage.so
7f00b5946000-7f00b5947000 ---p 00021000 103:03 9721335                   /home/martynas/phd/jdk/build/linux-x86_64-server-slowdebug/jdk/lib/libjimage.so
7f00b5947000-7f00b5949000 r--p 00021000 103:03 9721335                   /home/martynas/phd/jdk/build/linux-x86_64-server-slowdebug/jdk/lib/libjimage.so
7f00b5949000-7f00b594a000 rw-p 00023000 103:03 9721335                   /home/martynas/phd/jdk/build/linux-x86_64-server-slowdebug/jdk/lib/libjimage.so
7f00b594a000-7f00b594c000 r--p 00000000 103:03 13897036                  /usr/lib/ld-2.31.so
7f00b594c000-7f00b596c000 r-xp 00002000 103:03 13897036                  /usr/lib/ld-2.31.so
7f00b596c000-7f00b5974000 r--p 00022000 103:03 13897036                  /usr/lib/ld-2.31.so
7f00b5974000-7f00b5975000 rwxp 00000000 00:00 0 
7f00b5975000-7f00b5976000 r--p 0002a000 103:03 13897036                  /usr/lib/ld-2.31.so
7f00b5976000-7f00b5977000 rw-p 0002b000 103:03 13897036                  /usr/lib/ld-2.31.so
7f00b5977000-7f00b5978000 rw-p 00000000 00:00 0 
7ffdbaee1000-7ffdbaf03000 rw-p 00000000 00:00 0                          [stack]
7ffdbafad000-7ffdbafb0000 r--p 00000000 00:00 0                          [vvar]
7ffdbafb0000-7ffdbafb1000 r-xp 00000000 00:00 0                          [vdso]
ffffffffff600000-ffffffffff601000 --xp 00000000 00:00 0                  [vsyscall]


VM Arguments:
jvm_args: -Dapplication.home=/home/martynas/phd/jdk/build/linux-x86_64-server-slowdebug/jdk -Xms8m -XX:+UseSerialGC -Xms32M -Xmx512M -XX:TieredStopAtLevel=1 -Djdk.module.main=jdk.jlink 
java_command: jdk.jlink/jdk.tools.jmod.Main create --module-version 15-internal --target-platform linux-amd64 --module-path /home/martynas/phd/jdk/build/linux-x86_64-server-slowdebug/images/jmods --libs /home/martynas/phd/jdk/build/linux-x86_64-server-slowdebug/support/modules_libs/jdk.compiler --cmds /home/martynas/phd/jdk/build/linux-x86_64-server-slowdebug/support/modules_cmds/jdk.compiler --class-path /home/martynas/phd/jdk/build/linux-x86_64-server-slowdebug/jdk/modules/jdk.compiler --man-pages /home/martynas/phd/jdk/build/linux-x86_64-server-slowdebug/support/modules_man/jdk.compiler --legal-notices /home/martynas/phd/jdk/build/linux-x86_64-server-slowdebug/support/modules_legal/common --exclude **{_the.*,_*.marker,*.diz,*.debuginfo,*.dSYM/**,*.dSYM} /home/martynas/phd/jdk/build/linux-x86_64-server-slowdebug/support/images/jmods/jdk.compiler.jmod
java_class_path (initial): <not set>
Launcher Type: SUN_STANDARD

[Global flags]
     intx CICompilerCount                          = 4                                         {product} {ergonomic}     Number of compiler threads to run
   size_t InitialHeapSize                          = 33554432                                  {product} {command line}  Initial heap size (in bytes); zero means use ergonomics
   size_t MaxHeapSize                              = 536870912                                 {product} {command line}  Maximum heap size (in bytes)
   size_t MaxNewSize                               = 178913280                                 {product} {ergonomic}     Maximum new generation size (in bytes), max_uintx means set ergonomically
   size_t MinHeapDeltaBytes                        = 196608                                    {product} {ergonomic}     The minimum change in heap space due to GC (in bytes)
   size_t MinHeapSize                              = 33554432                                  {product} {command line}  Minimum heap size (in bytes); zero means use ergonomics
   size_t NewSize                                  = 11141120                                  {product} {ergonomic}     Initial new generation size (in bytes)
    uintx NonNMethodCodeHeapSize                   = 7549744                                {pd product} {ergonomic}     Size of code heap with non-nmethods (in bytes)
    uintx NonProfiledCodeHeapSize                  = 244108496                              {pd product} {ergonomic}     Size of code heap with non-profiled methods (in bytes)
   size_t OldSize                                  = 22413312                                  {product} {ergonomic}     Initial tenured generation size (in bytes)
    uintx ProfiledCodeHeapSize                     = 0                                      {pd product} {ergonomic}     Size of code heap with profiled methods (in bytes)
    uintx ReservedCodeCacheSize                    = 251658240                              {pd product} {ergonomic}     Reserved code cache size (in bytes) - maximum code cache size
     bool SegmentedCodeCache                       = true                                      {product} {ergonomic}     Use a segmented code cache
   size_t SoftMaxHeapSize                          = 536870912                              {manageable} {ergonomic}     Soft limit for maximum heap size (in bytes)
     intx TieredStopAtLevel                        = 1                                         {product} {command line}  Stop at given compilation level
     bool UseCompressedClassPointers               = true                                 {lp64_product} {ergonomic}     Use 32-bit class pointers in 64-bit VM. lp64_product means flag is always constant in 32 bit VM
     bool UseCompressedOops                        = true                                 {lp64_product} {ergonomic}     Use 32-bit object references in 64-bit VM. lp64_product means flag is always constant in 32 bit VM
     bool UseSerialGC                              = true                                      {product} {command line}  Use the Serial garbage collector

Logging:
Log output configuration:
 #0: stdout all=warning uptime,level,tags
 #1: stderr all=off uptime,level,tags

Environment Variables:
PATH=/usr/local/sbin:/usr/local/bin:/usr/bin:/usr/lib/jvm/default/bin:/usr/bin/site_perl:/usr/bin/vendor_perl:/usr/bin/core_perl:/home/martynas/.gem/ruby/2.6.0/bin:/home/martynas/phd/mx:/home/martynas/.local/bin
SHELL=/bin/bash
DISPLAY=:0

Signal Handlers:
SIGSEGV: [libjvm.so+0x11eef3f], sa_mask[0]=11111111011111111101111111111110, sa_flags=SA_RESTART|SA_SIGINFO
SIGBUS: [libjvm.so+0x11eef3f], sa_mask[0]=11111111011111111101111111111110, sa_flags=SA_RESTART|SA_SIGINFO
SIGFPE: [libjvm.so+0x11eef3f], sa_mask[0]=11111111011111111101111111111110, sa_flags=SA_RESTART|SA_SIGINFO
SIGPIPE: [libjvm.so+0xebcb49], sa_mask[0]=11111111011111111101111111111110, sa_flags=SA_RESTART|SA_SIGINFO
SIGXFSZ: [libjvm.so+0xebcb49], sa_mask[0]=11111111011111111101111111111110, sa_flags=SA_RESTART|SA_SIGINFO
SIGILL: [libjvm.so+0x11eef3f], sa_mask[0]=11111111011111111101111111111110, sa_flags=SA_RESTART|SA_SIGINFO
SIGUSR2: [libjvm.so+0xebc367], sa_mask[0]=00000000000000000000000000000000, sa_flags=SA_RESTART|SA_SIGINFO
SIGHUP: SIG_DFL, sa_mask[0]=00000000000000000000000000000000, sa_flags=none
SIGINT: SIG_DFL, sa_mask[0]=00000000000000000000000000000000, sa_flags=none
SIGTERM: SIG_DFL, sa_mask[0]=00000000000000000000000000000000, sa_flags=none
SIGQUIT: SIG_DFL, sa_mask[0]=00000000000000000000000000000000, sa_flags=none


---------------  S Y S T E M  ---------------

OS:LSB_VERSION=1.4
DISTRIB_ID=Arch
DISTRIB_RELEASE=rolling
DISTRIB_DESCRIPTION="Arch Linux"
uname:Linux alpha 5.4.19-1-lts #1 SMP Tue, 11 Feb 2020 15:35:50 +0000 x86_64
OS uptime: 1 days 8:37 hours
libc:glibc 2.31 NPTL 2.31 
rlimit: STACK 8192k, CORE infinity, NPROC 95134, NOFILE 524288, AS infinity, CPU infinity, DATA infinity, FSIZE infinity
load average:5.08 2.60 2.03

/proc/meminfo:
MemTotal:       24369164 kB
MemFree:         3227280 kB
MemAvailable:   14024340 kB
Buffers:          789892 kB
Cached:         10987692 kB
SwapCached:        86420 kB
Active:         13390492 kB
Inactive:        5745716 kB
Active(anon):    7510332 kB
Inactive(anon):  1433540 kB
Active(file):    5880160 kB
Inactive(file):  4312176 kB
Unevictable:      602796 kB
Mlocked:              48 kB
SwapTotal:       2097148 kB
SwapFree:        2007804 kB
Dirty:            545100 kB
Writeback:             0 kB
AnonPages:       7874452 kB
Mapped:          1171448 kB
Shmem:           1953940 kB
KReclaimable:    1009024 kB
Slab:            1181788 kB
SReclaimable:    1009024 kB
SUnreclaim:       172764 kB
KernelStack:       16284 kB
PageTables:        72644 kB
NFS_Unstable:          0 kB
Bounce:                0 kB
WritebackTmp:          0 kB
CommitLimit:    14281728 kB
Committed_AS:   15767892 kB
VmallocTotal:   34359738367 kB
VmallocUsed:       35788 kB
VmallocChunk:          0 kB
Percpu:             4256 kB
HardwareCorrupted:     0 kB
AnonHugePages:         0 kB
ShmemHugePages:        0 kB
ShmemPmdMapped:        0 kB
FileHugePages:         0 kB
FilePmdMapped:         0 kB
HugePages_Total:       0
HugePages_Free:        0
HugePages_Rsvd:        0
HugePages_Surp:        0
Hugepagesize:       2048 kB
Hugetlb:               0 kB
DirectMap4k:      392248 kB
DirectMap2M:    19265536 kB
DirectMap1G:     6291456 kB


/proc/sys/kernel/threads-max (system-wide limit on the number of threads):
190268


/proc/sys/vm/max_map_count (maximum number of memory map areas a process may have):
65530


/proc/sys/kernel/pid_max (system-wide limit on number of process identifiers):
4194304



container (cgroup) information:
container_type: cgroupv1
cpu_cpuset_cpus: 0-7
cpu_memory_nodes: 0
active_processor_count: 8
cpu_quota: no quota
cpu_period: 100000
cpu_shares: no shares
memory_limit_in_bytes: unlimited
memory_and_swap_limit_in_bytes: unlimited
memory_soft_limit_in_bytes: unlimited
memory_usage_in_bytes: 20777005056
memory_max_usage_in_bytes: 23895216128

Steal ticks since vm start: 0
Steal ticks percentage since vm start:  0.000

CPU:total 8 (initial active 8) (4 cores per cpu, 2 threads per core) family 6 model 142 stepping 10, cmov, cx8, fxsr, mmx, sse, sse2, sse3, ssse3, sse4.1, sse4.2, popcnt, avx, avx2, aes, clmul, erms, rtm, 3dnowpref, lzcnt, ht, tsc, tscinvbit, bmi1, bmi2, adx, fma
CPU Model and flags from /proc/cpuinfo:
model name	: Intel(R) Core(TM) i5-8350U CPU @ 1.70GHz
flags		: fpu vme de pse tsc msr pae mce cx8 apic sep mtrr pge mca cmov pat pse36 clflush dts acpi mmx fxsr sse sse2 ss ht tm pbe syscall nx pdpe1gb rdtscp lm constant_tsc art arch_perfmon pebs bts rep_good nopl xtopology nonstop_tsc cpuid aperfmperf pni pclmulqdq dtes64 monitor ds_cpl vmx smx est tm2 ssse3 sdbg fma cx16 xtpr pdcm pcid sse4_1 sse4_2 x2apic movbe popcnt tsc_deadline_timer aes xsave avx f16c rdrand lahf_lm abm 3dnowprefetch cpuid_fault epb invpcid_single pti ssbd ibrs ibpb stibp tpr_shadow vnmi flexpriority ept vpid ept_ad fsgsbase tsc_adjust bmi1 hle avx2 smep bmi2 erms invpcid rtm mpx rdseed adx smap clflushopt intel_pt xsaveopt xsavec xgetbv1 xsaves dtherm ida arat pln pts hwp hwp_notify hwp_act_window hwp_epp md_clear flush_l1d

Memory: 4k page, physical 24369164k(3227280k free), swap 2097148k(2007804k free)

vm_info: OpenJDK 64-Bit Server VM (slowdebug 15-internal+0-adhoc.martynas.jdk) for linux-amd64 JRE (15-internal+0-adhoc.martynas.jdk), built on Mar 17 2020 19:27:51 by "martynas" with gcc 9.2.1 20200130

END.
